Using pre-set license
Built from '2021.1/staging' branch; Version is '2021.1.15f1 (e767a7370072) revision 15165351'; Using compiler version '192528614'; Build Type 'Release'
OS: 'Windows 10 Home; OS build 19042.1110; Version 2009; 64bit' Language: 'en' Physical Memory: 16324 MB
BatchMode: 1, IsHumanControllingUs: 0, StartBugReporterOnCrash: 0, Is64bit: 1, IsPro: 0

 COMMAND LINE ARGUMENTS:
C:\Program Files\Unity\Hub\Editor\2021.1.15f1\Editor\Unity.exe
-adb2
-batchMode
-noUpm
-name
AssetImportWorker0
-projectPath
L:/BL-GitHub/MiniJam85Gold/MiniJamGold
-logFile
Logs/AssetImportWorker0.log
-srvPort
64047
Successfully changed project path to: L:/BL-GitHub/MiniJam85Gold/MiniJamGold
L:/BL-GitHub/MiniJam85Gold/MiniJamGold
Using Asset Import Pipeline V2.
Refreshing native plugins compatible for Editor in 72.89 ms, found 3 plugins.
Preloading 0 native plugins for Editor in 0.00 ms.
Initialize engine version: 2021.1.15f1 (e767a7370072)
[Subsystems] Discovering subsystems at path C:/Program Files/Unity/Hub/Editor/2021.1.15f1/Editor/Data/Resources/UnitySubsystems
[Subsystems] Discovering subsystems at path L:/BL-GitHub/MiniJam85Gold/MiniJamGold/Assets
GfxDevice: creating device client; threaded=0; jobified=0
Direct3D:
    Version:  Direct3D 11.0 [level 11.1]
    Renderer: NVIDIA GeForce GTX 1060 6GB (ID=0x1c03)
    Vendor:   NVIDIA
    VRAM:     6052 MB
    Driver:   30.0.14.7111
Initialize mono
Mono path[0] = 'C:/Program Files/Unity/Hub/Editor/2021.1.15f1/Editor/Data/Managed'
Mono path[1] = 'C:/Program Files/Unity/Hub/Editor/2021.1.15f1/Editor/Data/MonoBleedingEdge/lib/mono/unityjit'
Mono config path = 'C:/Program Files/Unity/Hub/Editor/2021.1.15f1/Editor/Data/MonoBleedingEdge/etc'
Using monoOptions --debugger-agent=transport=dt_socket,embedding=1,server=y,suspend=n,address=127.0.0.1:56736
Begin MonoManager ReloadAssembly
Registering precompiled unity dll's ...
Register platform support module: C:/Program Files/Unity/Hub/Editor/2021.1.15f1/Editor/Data/PlaybackEngines/WindowsStandaloneSupport/UnityEditor.WindowsStandalone.Extensions.dll
Registered in 0.001768 seconds.
Native extension for WindowsStandalone target not found
Refreshing native plugins compatible for Editor in 73.08 ms, found 3 plugins.
Preloading 0 native plugins for Editor in 0.00 ms.
Mono: successfully reloaded assembly
- Completed reload, in  1.179 seconds
Domain Reload Profiling:
	ReloadAssembly (1180ms)
		BeginReloadAssembly (53ms)
			ExecutionOrderSort (0ms)
			DisableScriptedObjects (0ms)
			BackupInstance (0ms)
			ReleaseScriptingObjects (0ms)
			CreateAndSetChildDomain (1ms)
		EndReloadAssembly (477ms)
			LoadAssemblies (51ms)
			RebuildTransferFunctionScriptingTraits (0ms)
			SetupTypeCache (177ms)
			ReleaseScriptCaches (0ms)
			RebuildScriptCaches (33ms)
			SetupLoadedEditorAssemblies (218ms)
				LogAssemblyErrors (0ms)
				InitializePlatformSupportModulesInManaged (6ms)
				SetLoadedEditorAssemblies (0ms)
				RefreshPlugins (73ms)
				BeforeProcessingInitializeOnLoad (1ms)
				ProcessInitializeOnLoadAttributes (103ms)
				ProcessInitializeOnLoadMethodAttributes (34ms)
				AfterProcessingInitializeOnLoad (0ms)
				EditorAssembliesLoaded (0ms)
			ExecutionOrderSort2 (0ms)
			AwakeInstancesAfterBackupRestoration (0ms)
Platform modules already initialized, skipping
Registering precompiled user dll's ...
Registered in 0.004959 seconds.
Begin MonoManager ReloadAssembly
Symbol file LoadedFromMemory doesn't match image L:\BL-GitHub\MiniJam85Gold\MiniJamGold\Library\PackageCache\com.unity.visualscripting@1.6.1\Editor\VisualScripting.Core\Dependencies\YamlDotNet\Unity.VisualScripting.YamlDotNet.dll
Symbol file LoadedFromMemory doesn't match image L:\BL-GitHub\MiniJam85Gold\MiniJamGold\Library\PackageCache\com.unity.visualscripting@1.6.1\Editor\VisualScripting.Core\Dependencies\DotNetZip\Unity.VisualScripting.IonicZip.dll
Native extension for WindowsStandalone target not found
Refreshing native plugins compatible for Editor in 0.62 ms, found 3 plugins.
Preloading 0 native plugins for Editor in 0.00 ms.
Mono: successfully reloaded assembly
- Completed reload, in  1.227 seconds
Domain Reload Profiling:
	ReloadAssembly (1227ms)
		BeginReloadAssembly (167ms)
			ExecutionOrderSort (0ms)
			DisableScriptedObjects (5ms)
			BackupInstance (0ms)
			ReleaseScriptingObjects (0ms)
			CreateAndSetChildDomain (25ms)
		EndReloadAssembly (995ms)
			LoadAssemblies (92ms)
			RebuildTransferFunctionScriptingTraits (0ms)
			SetupTypeCache (380ms)
			ReleaseScriptCaches (1ms)
			RebuildScriptCaches (52ms)
			SetupLoadedEditorAssemblies (352ms)
				LogAssemblyErrors (0ms)
				InitializePlatformSupportModulesInManaged (5ms)
				SetLoadedEditorAssemblies (0ms)
				RefreshPlugins (1ms)
				BeforeProcessingInitializeOnLoad (73ms)
				ProcessInitializeOnLoadAttributes (261ms)
				ProcessInitializeOnLoadMethodAttributes (5ms)
				AfterProcessingInitializeOnLoad (7ms)
				EditorAssembliesLoaded (0ms)
			ExecutionOrderSort2 (0ms)
			AwakeInstancesAfterBackupRestoration (7ms)
Platform modules already initialized, skipping
========================================================================
Worker process is ready to serve import requests
Launched and connected shader compiler UnityShaderCompiler.exe after 0.06 seconds
Refreshing native plugins compatible for Editor in 0.60 ms, found 3 plugins.
Preloading 0 native plugins for Editor in 0.00 ms.
Unloading 2945 Unused Serialized files (Serialized files now loaded: 0)
System memory in use before: 105.8 MB.
System memory in use after: 106.0 MB.

Unloading 23 unused Assets to reduce memory usage. Loaded Objects now: 3390.
Total: 2.472900 ms (FindLiveObjects: 0.307900 ms CreateObjectMapping: 0.111500 ms MarkObjects: 1.956500 ms  DeleteObjects: 0.096000 ms)

AssetImportParameters requested are different than current active one (requested -> active):
  custom:framework-win-MediaFoundation: 216162199b28c13a410421893ffa2e32 -> 
  custom:video-decoder-ogg-theora: a1e56fd34408186e4bbccfd4996cb3dc -> 
  custom:container-muxer-webm: aa71ff27fc2769a1b78a27578f13a17b -> 
  custom:container-demuxer-webm: 4f35f7cbe854078d1ac9338744f61a02 -> 
  custom:container-demuxer-ogg: 62fdf1f143b41e24485cea50d1cbac27 -> 
  custom:video-encoder-webm-vp8: eb34c28f22e8b96e1ab97ce403110664 -> 
  custom:video-decoder-webm-vp8: 9c59270c3fd7afecdb556c50c9e8de78 -> 
  custom:audio-decoder-ogg-vorbis: bf7c407c2cedff20999df2af8eb42d56 -> 
  custom:audio-encoder-webm-vorbis: bf7c407c2cedff20999df2af8eb42d56 -> 
========================================================================
Received Import Request.
  path: Assets/Script/GameScene/Player/CameraController.cs
  artifactKey: Guid(5c8b597b2180eb44bb2dbb05be6438b3) Importer(815301076,1909f56bfc062723c751e8b465ee728b)
Start importing Assets/Script/GameScene/Player/CameraController.cs using Guid(5c8b597b2180eb44bb2dbb05be6438b3) Importer(815301076,1909f56bfc062723c751e8b465ee728b)  -> (artifact id: '200bc6048240b660794e0ee905444582') in 0.034688 seconds 
========================================================================
Received Prepare
Refreshing native plugins compatible for Editor in 4.11 ms, found 3 plugins.
Preloading 0 native plugins for Editor in 0.00 ms.
Unloading 16 Unused Serialized files (Serialized files now loaded: 0)
System memory in use before: 47.7 MB.
System memory in use after: 47.9 MB.

Unloading 16 unused Assets to reduce memory usage. Loaded Objects now: 3390.
Total: 2.490400 ms (FindLiveObjects: 0.260000 ms CreateObjectMapping: 0.126500 ms MarkObjects: 2.050500 ms  DeleteObjects: 0.052300 ms)

AssetImportParameters requested are different than current active one (requested -> active):
  custom:framework-win-MediaFoundation: 216162199b28c13a410421893ffa2e32 -> 
  custom:video-decoder-ogg-theora: a1e56fd34408186e4bbccfd4996cb3dc -> 
  custom:container-muxer-webm: aa71ff27fc2769a1b78a27578f13a17b -> 
  custom:container-demuxer-webm: 4f35f7cbe854078d1ac9338744f61a02 -> 
  custom:container-demuxer-ogg: 62fdf1f143b41e24485cea50d1cbac27 -> 
  custom:video-encoder-webm-vp8: eb34c28f22e8b96e1ab97ce403110664 -> 
  custom:video-decoder-webm-vp8: 9c59270c3fd7afecdb556c50c9e8de78 -> 
  custom:audio-decoder-ogg-vorbis: bf7c407c2cedff20999df2af8eb42d56 -> 
  custom:audio-encoder-webm-vorbis: bf7c407c2cedff20999df2af8eb42d56 -> 
========================================================================
Received Import Request.
  Time since last request: 50.731209 seconds.
  path: Assets/Script/GameScene/Player/CameraController.cs
  artifactKey: Guid(5c8b597b2180eb44bb2dbb05be6438b3) Importer(815301076,1909f56bfc062723c751e8b465ee728b)
Start importing Assets/Script/GameScene/Player/CameraController.cs using Guid(5c8b597b2180eb44bb2dbb05be6438b3) Importer(815301076,1909f56bfc062723c751e8b465ee728b)  -> (artifact id: '1cc36de033b1732156b972a5710118ae') in 0.008568 seconds 
========================================================================
Received Import Request.
  Time since last request: 16.909621 seconds.
  path: Assets/Script/GameScene/Player/CameraController.cs
  artifactKey: Guid(5c8b597b2180eb44bb2dbb05be6438b3) Importer(815301076,1909f56bfc062723c751e8b465ee728b)
Start importing Assets/Script/GameScene/Player/CameraController.cs using Guid(5c8b597b2180eb44bb2dbb05be6438b3) Importer(815301076,1909f56bfc062723c751e8b465ee728b)  -> (artifact id: '349815d8211617752ae80f76783479dc') in 0.007705 seconds 
========================================================================
Received Import Request.
  Time since last request: 24.159016 seconds.
  path: Assets/Script/GameScene/Player/CameraController.cs
  artifactKey: Guid(5c8b597b2180eb44bb2dbb05be6438b3) Importer(815301076,1909f56bfc062723c751e8b465ee728b)
Start importing Assets/Script/GameScene/Player/CameraController.cs using Guid(5c8b597b2180eb44bb2dbb05be6438b3) Importer(815301076,1909f56bfc062723c751e8b465ee728b)  -> (artifact id: 'fd93100e3b261b83b1151be1d5ad31ae') in 0.007764 seconds 
========================================================================
Received Import Request.
  Time since last request: 82.958054 seconds.
  path: Assets/Script/GameScene/Player/CameraController.cs
  artifactKey: Guid(5c8b597b2180eb44bb2dbb05be6438b3) Importer(815301076,1909f56bfc062723c751e8b465ee728b)
Start importing Assets/Script/GameScene/Player/CameraController.cs using Guid(5c8b597b2180eb44bb2dbb05be6438b3) Importer(815301076,1909f56bfc062723c751e8b465ee728b)  -> (artifact id: '4c9a4dc91705cc7805a1efc3dcfdd661') in 0.008394 seconds 
========================================================================
Received Import Request.
  Time since last request: 5.731416 seconds.
  path: Assets/Script/GameScene/Player/CameraController.cs
  artifactKey: Guid(5c8b597b2180eb44bb2dbb05be6438b3) Importer(815301076,1909f56bfc062723c751e8b465ee728b)
Start importing Assets/Script/GameScene/Player/CameraController.cs using Guid(5c8b597b2180eb44bb2dbb05be6438b3) Importer(815301076,1909f56bfc062723c751e8b465ee728b)  -> (artifact id: 'c21093f69b5ac4bf56ad9a9eae1ac6fb') in 0.009254 seconds 
========================================================================
Received Import Request.
  Time since last request: 5.481660 seconds.
  path: Assets/Script/GameScene/Player/CameraController.cs
  artifactKey: Guid(5c8b597b2180eb44bb2dbb05be6438b3) Importer(815301076,1909f56bfc062723c751e8b465ee728b)
Start importing Assets/Script/GameScene/Player/CameraController.cs using Guid(5c8b597b2180eb44bb2dbb05be6438b3) Importer(815301076,1909f56bfc062723c751e8b465ee728b)  -> (artifact id: '1f436218cf7035bce9b790afaa9f0911') in 0.008830 seconds 
========================================================================
Received Prepare
Registering precompiled user dll's ...
Registered in 0.004573 seconds.
Begin MonoManager ReloadAssembly
Symbol file LoadedFromMemory doesn't match image L:\BL-GitHub\MiniJam85Gold\MiniJamGold\Library\PackageCache\com.unity.visualscripting@1.6.1\Editor\VisualScripting.Core\Dependencies\YamlDotNet\Unity.VisualScripting.YamlDotNet.dll
Symbol file LoadedFromMemory doesn't match image L:\BL-GitHub\MiniJam85Gold\MiniJamGold\Library\PackageCache\com.unity.visualscripting@1.6.1\Editor\VisualScripting.Core\Dependencies\DotNetZip\Unity.VisualScripting.IonicZip.dll
Native extension for WindowsStandalone target not found
Refreshing native plugins compatible for Editor in 1.13 ms, found 3 plugins.
Preloading 0 native plugins for Editor in 0.00 ms.
Mono: successfully reloaded assembly
- Completed reload, in  1.259 seconds
Domain Reload Profiling:
	ReloadAssembly (1259ms)
		BeginReloadAssembly (183ms)
			ExecutionOrderSort (0ms)
			DisableScriptedObjects (5ms)
			BackupInstance (0ms)
			ReleaseScriptingObjects (0ms)
			CreateAndSetChildDomain (44ms)
		EndReloadAssembly (1003ms)
			LoadAssemblies (145ms)
			RebuildTransferFunctionScriptingTraits (0ms)
			SetupTypeCache (372ms)
			ReleaseScriptCaches (1ms)
			RebuildScriptCaches (39ms)
			SetupLoadedEditorAssemblies (382ms)
				LogAssemblyErrors (0ms)
				InitializePlatformSupportModulesInManaged (7ms)
				SetLoadedEditorAssemblies (1ms)
				RefreshPlugins (1ms)
				BeforeProcessingInitializeOnLoad (75ms)
				ProcessInitializeOnLoadAttributes (283ms)
				ProcessInitializeOnLoadMethodAttributes (5ms)
				AfterProcessingInitializeOnLoad (9ms)
				EditorAssembliesLoaded (0ms)
			ExecutionOrderSort2 (0ms)
			AwakeInstancesAfterBackupRestoration (12ms)
Platform modules already initialized, skipping
Refreshing native plugins compatible for Editor in 0.68 ms, found 3 plugins.
Preloading 0 native plugins for Editor in 0.00 ms.
Unloading 2940 Unused Serialized files (Serialized files now loaded: 0)
System memory in use before: 105.8 MB.
System memory in use after: 106.0 MB.

Unloading 18 unused Assets to reduce memory usage. Loaded Objects now: 3393.
Total: 4.424500 ms (FindLiveObjects: 0.508000 ms CreateObjectMapping: 0.478700 ms MarkObjects: 3.352800 ms  DeleteObjects: 0.083400 ms)

AssetImportParameters requested are different than current active one (requested -> active):
  custom:framework-win-MediaFoundation: 216162199b28c13a410421893ffa2e32 -> 
  custom:video-decoder-ogg-theora: a1e56fd34408186e4bbccfd4996cb3dc -> 
  custom:container-muxer-webm: aa71ff27fc2769a1b78a27578f13a17b -> 
  custom:container-demuxer-webm: 4f35f7cbe854078d1ac9338744f61a02 -> 
  custom:container-demuxer-ogg: 62fdf1f143b41e24485cea50d1cbac27 -> 
  custom:video-encoder-webm-vp8: eb34c28f22e8b96e1ab97ce403110664 -> 
  custom:video-decoder-webm-vp8: 9c59270c3fd7afecdb556c50c9e8de78 -> 
  custom:audio-decoder-ogg-vorbis: bf7c407c2cedff20999df2af8eb42d56 -> 
  custom:audio-encoder-webm-vorbis: bf7c407c2cedff20999df2af8eb42d56 -> 
========================================================================
Received Import Request.
  Time since last request: 69.916865 seconds.
  path: Assets/Scenes/GameScene.unity
  artifactKey: Guid(4259800ac1bb8cd4594f72a7e6f0f440) Importer(815301076,1909f56bfc062723c751e8b465ee728b)
Start importing Assets/Scenes/GameScene.unity using Guid(4259800ac1bb8cd4594f72a7e6f0f440) Importer(815301076,1909f56bfc062723c751e8b465ee728b)  -> (artifact id: '07ae7daa3ecedca0fa7759d4aa93981c') in 0.028809 seconds 
========================================================================
Received Import Request.
  Time since last request: 24.012114 seconds.
  path: Assets/Scenes/BenTestingRoom.unity
  artifactKey: Guid(abba3e58697f86746b49217c96b8ec4d) Importer(815301076,1909f56bfc062723c751e8b465ee728b)
Start importing Assets/Scenes/BenTestingRoom.unity using Guid(abba3e58697f86746b49217c96b8ec4d) Importer(815301076,1909f56bfc062723c751e8b465ee728b)  -> (artifact id: 'afbfb92456e5e80d4f426c962afa712f') in 0.019135 seconds 
========================================================================
Received Prepare
Registering precompiled user dll's ...
Registered in 0.003643 seconds.
Begin MonoManager ReloadAssembly
Symbol file LoadedFromMemory doesn't match image L:\BL-GitHub\MiniJam85Gold\MiniJamGold\Library\PackageCache\com.unity.visualscripting@1.6.1\Editor\VisualScripting.Core\Dependencies\YamlDotNet\Unity.VisualScripting.YamlDotNet.dll
Symbol file LoadedFromMemory doesn't match image L:\BL-GitHub\MiniJam85Gold\MiniJamGold\Library\PackageCache\com.unity.visualscripting@1.6.1\Editor\VisualScripting.Core\Dependencies\DotNetZip\Unity.VisualScripting.IonicZip.dll
Native extension for WindowsStandalone target not found
Refreshing native plugins compatible for Editor in 0.71 ms, found 3 plugins.
Preloading 0 native plugins for Editor in 0.00 ms.
Mono: successfully reloaded assembly
- Completed reload, in  1.085 seconds
Domain Reload Profiling:
	ReloadAssembly (1085ms)
		BeginReloadAssembly (113ms)
			ExecutionOrderSort (0ms)
			DisableScriptedObjects (5ms)
			BackupInstance (0ms)
			ReleaseScriptingObjects (0ms)
			CreateAndSetChildDomain (40ms)
		EndReloadAssembly (903ms)
			LoadAssemblies (85ms)
			RebuildTransferFunctionScriptingTraits (0ms)
			SetupTypeCache (371ms)
			ReleaseScriptCaches (1ms)
			RebuildScriptCaches (39ms)
			SetupLoadedEditorAssemblies (301ms)
				LogAssemblyErrors (0ms)
				InitializePlatformSupportModulesInManaged (5ms)
				SetLoadedEditorAssemblies (0ms)
				RefreshPlugins (1ms)
				BeforeProcessingInitializeOnLoad (54ms)
				ProcessInitializeOnLoadAttributes (230ms)
				ProcessInitializeOnLoadMethodAttributes (4ms)
				AfterProcessingInitializeOnLoad (6ms)
				EditorAssembliesLoaded (0ms)
			ExecutionOrderSort2 (0ms)
			AwakeInstancesAfterBackupRestoration (8ms)
Platform modules already initialized, skipping
Refreshing native plugins compatible for Editor in 0.66 ms, found 3 plugins.
Preloading 0 native plugins for Editor in 0.00 ms.
Unloading 2940 Unused Serialized files (Serialized files now loaded: 0)
System memory in use before: 105.9 MB.
System memory in use after: 106.1 MB.

Unloading 18 unused Assets to reduce memory usage. Loaded Objects now: 3396.
Total: 2.916900 ms (FindLiveObjects: 0.330400 ms CreateObjectMapping: 0.145300 ms MarkObjects: 2.331400 ms  DeleteObjects: 0.108700 ms)

AssetImportParameters requested are different than current active one (requested -> active):
  custom:framework-win-MediaFoundation: 216162199b28c13a410421893ffa2e32 -> 
  custom:video-decoder-ogg-theora: a1e56fd34408186e4bbccfd4996cb3dc -> 
  custom:container-muxer-webm: aa71ff27fc2769a1b78a27578f13a17b -> 
  custom:container-demuxer-webm: 4f35f7cbe854078d1ac9338744f61a02 -> 
  custom:container-demuxer-ogg: 62fdf1f143b41e24485cea50d1cbac27 -> 
  custom:video-encoder-webm-vp8: eb34c28f22e8b96e1ab97ce403110664 -> 
  custom:video-decoder-webm-vp8: 9c59270c3fd7afecdb556c50c9e8de78 -> 
  custom:audio-decoder-ogg-vorbis: bf7c407c2cedff20999df2af8eb42d56 -> 
  custom:audio-encoder-webm-vorbis: bf7c407c2cedff20999df2af8eb42d56 -> 
========================================================================
Received Prepare
Registering precompiled user dll's ...
Registered in 0.003980 seconds.
Begin MonoManager ReloadAssembly
Symbol file LoadedFromMemory doesn't match image L:\BL-GitHub\MiniJam85Gold\MiniJamGold\Library\PackageCache\com.unity.visualscripting@1.6.1\Editor\VisualScripting.Core\Dependencies\YamlDotNet\Unity.VisualScripting.YamlDotNet.dll
Symbol file LoadedFromMemory doesn't match image L:\BL-GitHub\MiniJam85Gold\MiniJamGold\Library\PackageCache\com.unity.visualscripting@1.6.1\Editor\VisualScripting.Core\Dependencies\DotNetZip\Unity.VisualScripting.IonicZip.dll
Native extension for WindowsStandalone target not found
Refreshing native plugins compatible for Editor in 0.62 ms, found 3 plugins.
Preloading 0 native plugins for Editor in 0.00 ms.
Mono: successfully reloaded assembly
- Completed reload, in  1.118 seconds
Domain Reload Profiling:
	ReloadAssembly (1119ms)
		BeginReloadAssembly (115ms)
			ExecutionOrderSort (0ms)
			DisableScriptedObjects (5ms)
			BackupInstance (0ms)
			ReleaseScriptingObjects (0ms)
			CreateAndSetChildDomain (43ms)
		EndReloadAssembly (937ms)
			LoadAssemblies (87ms)
			RebuildTransferFunctionScriptingTraits (0ms)
			SetupTypeCache (383ms)
			ReleaseScriptCaches (1ms)
			RebuildScriptCaches (42ms)
			SetupLoadedEditorAssemblies (319ms)
				LogAssemblyErrors (0ms)
				InitializePlatformSupportModulesInManaged (6ms)
				SetLoadedEditorAssemblies (0ms)
				RefreshPlugins (1ms)
				BeforeProcessingInitializeOnLoad (66ms)
				ProcessInitializeOnLoadAttributes (234ms)
				ProcessInitializeOnLoadMethodAttributes (5ms)
				AfterProcessingInitializeOnLoad (6ms)
				EditorAssembliesLoaded (0ms)
			ExecutionOrderSort2 (0ms)
			AwakeInstancesAfterBackupRestoration (8ms)
Platform modules already initialized, skipping
Refreshing native plugins compatible for Editor in 0.68 ms, found 3 plugins.
Preloading 0 native plugins for Editor in 0.00 ms.
Unloading 2940 Unused Serialized files (Serialized files now loaded: 0)
System memory in use before: 105.9 MB.
System memory in use after: 106.1 MB.

Unloading 18 unused Assets to reduce memory usage. Loaded Objects now: 3399.
Total: 2.272200 ms (FindLiveObjects: 0.240500 ms CreateObjectMapping: 0.140600 ms MarkObjects: 1.830700 ms  DeleteObjects: 0.059100 ms)

AssetImportParameters requested are different than current active one (requested -> active):
  custom:framework-win-MediaFoundation: 216162199b28c13a410421893ffa2e32 -> 
  custom:video-decoder-ogg-theora: a1e56fd34408186e4bbccfd4996cb3dc -> 
  custom:container-muxer-webm: aa71ff27fc2769a1b78a27578f13a17b -> 
  custom:container-demuxer-webm: 4f35f7cbe854078d1ac9338744f61a02 -> 
  custom:container-demuxer-ogg: 62fdf1f143b41e24485cea50d1cbac27 -> 
  custom:video-encoder-webm-vp8: eb34c28f22e8b96e1ab97ce403110664 -> 
  custom:video-decoder-webm-vp8: 9c59270c3fd7afecdb556c50c9e8de78 -> 
  custom:audio-decoder-ogg-vorbis: bf7c407c2cedff20999df2af8eb42d56 -> 
  custom:audio-encoder-webm-vorbis: bf7c407c2cedff20999df2af8eb42d56 -> 
========================================================================
Received Prepare
Registering precompiled user dll's ...
Registered in 0.003985 seconds.
Begin MonoManager ReloadAssembly
Symbol file LoadedFromMemory doesn't match image L:\BL-GitHub\MiniJam85Gold\MiniJamGold\Library\PackageCache\com.unity.visualscripting@1.6.1\Editor\VisualScripting.Core\Dependencies\YamlDotNet\Unity.VisualScripting.YamlDotNet.dll
Symbol file LoadedFromMemory doesn't match image L:\BL-GitHub\MiniJam85Gold\MiniJamGold\Library\PackageCache\com.unity.visualscripting@1.6.1\Editor\VisualScripting.Core\Dependencies\DotNetZip\Unity.VisualScripting.IonicZip.dll
Native extension for WindowsStandalone target not found
Refreshing native plugins compatible for Editor in 0.63 ms, found 3 plugins.
Preloading 0 native plugins for Editor in 0.00 ms.
Mono: successfully reloaded assembly
- Completed reload, in  1.040 seconds
Domain Reload Profiling:
	ReloadAssembly (1040ms)
		BeginReloadAssembly (110ms)
			ExecutionOrderSort (0ms)
			DisableScriptedObjects (5ms)
			BackupInstance (0ms)
			ReleaseScriptingObjects (0ms)
			CreateAndSetChildDomain (39ms)
		EndReloadAssembly (867ms)
			LoadAssemblies (84ms)
			RebuildTransferFunctionScriptingTraits (0ms)
			SetupTypeCache (348ms)
			ReleaseScriptCaches (1ms)
			RebuildScriptCaches (41ms)
			SetupLoadedEditorAssemblies (288ms)
				LogAssemblyErrors (0ms)
				InitializePlatformSupportModulesInManaged (5ms)
				SetLoadedEditorAssemblies (0ms)
				RefreshPlugins (1ms)
				BeforeProcessingInitializeOnLoad (49ms)
				ProcessInitializeOnLoadAttributes (221ms)
				ProcessInitializeOnLoadMethodAttributes (4ms)
				AfterProcessingInitializeOnLoad (7ms)
				EditorAssembliesLoaded (0ms)
			ExecutionOrderSort2 (0ms)
			AwakeInstancesAfterBackupRestoration (8ms)
Platform modules already initialized, skipping
Refreshing native plugins compatible for Editor in 0.62 ms, found 3 plugins.
Preloading 0 native plugins for Editor in 0.00 ms.
Unloading 2940 Unused Serialized files (Serialized files now loaded: 0)
System memory in use before: 105.9 MB.
System memory in use after: 106.1 MB.

Unloading 18 unused Assets to reduce memory usage. Loaded Objects now: 3402.
Total: 2.452700 ms (FindLiveObjects: 0.304800 ms CreateObjectMapping: 0.109100 ms MarkObjects: 1.982600 ms  DeleteObjects: 0.055400 ms)

AssetImportParameters requested are different than current active one (requested -> active):
  custom:framework-win-MediaFoundation: 216162199b28c13a410421893ffa2e32 -> 
  custom:video-decoder-ogg-theora: a1e56fd34408186e4bbccfd4996cb3dc -> 
  custom:container-muxer-webm: aa71ff27fc2769a1b78a27578f13a17b -> 
  custom:container-demuxer-webm: 4f35f7cbe854078d1ac9338744f61a02 -> 
  custom:container-demuxer-ogg: 62fdf1f143b41e24485cea50d1cbac27 -> 
  custom:video-encoder-webm-vp8: eb34c28f22e8b96e1ab97ce403110664 -> 
  custom:video-decoder-webm-vp8: 9c59270c3fd7afecdb556c50c9e8de78 -> 
  custom:audio-decoder-ogg-vorbis: bf7c407c2cedff20999df2af8eb42d56 -> 
  custom:audio-encoder-webm-vorbis: bf7c407c2cedff20999df2af8eb42d56 -> 
========================================================================
Received Prepare
Registering precompiled user dll's ...
Registered in 0.004052 seconds.
Begin MonoManager ReloadAssembly
Symbol file LoadedFromMemory doesn't match image L:\BL-GitHub\MiniJam85Gold\MiniJamGold\Library\PackageCache\com.unity.visualscripting@1.6.1\Editor\VisualScripting.Core\Dependencies\YamlDotNet\Unity.VisualScripting.YamlDotNet.dll
Symbol file LoadedFromMemory doesn't match image L:\BL-GitHub\MiniJam85Gold\MiniJamGold\Library\PackageCache\com.unity.visualscripting@1.6.1\Editor\VisualScripting.Core\Dependencies\DotNetZip\Unity.VisualScripting.IonicZip.dll
Native extension for WindowsStandalone target not found
Refreshing native plugins compatible for Editor in 0.61 ms, found 3 plugins.
Preloading 0 native plugins for Editor in 0.00 ms.
Mono: successfully reloaded assembly
- Completed reload, in  1.129 seconds
Domain Reload Profiling:
	ReloadAssembly (1129ms)
		BeginReloadAssembly (117ms)
			ExecutionOrderSort (0ms)
			DisableScriptedObjects (5ms)
			BackupInstance (0ms)
			ReleaseScriptingObjects (0ms)
			CreateAndSetChildDomain (39ms)
		EndReloadAssembly (949ms)
			LoadAssemblies (98ms)
			RebuildTransferFunctionScriptingTraits (0ms)
			SetupTypeCache (389ms)
			ReleaseScriptCaches (1ms)
			RebuildScriptCaches (45ms)
			SetupLoadedEditorAssemblies (310ms)
				LogAssemblyErrors (0ms)
				InitializePlatformSupportModulesInManaged (5ms)
				SetLoadedEditorAssemblies (1ms)
				RefreshPlugins (1ms)
				BeforeProcessingInitializeOnLoad (61ms)
				ProcessInitializeOnLoadAttributes (232ms)
				ProcessInitializeOnLoadMethodAttributes (4ms)
				AfterProcessingInitializeOnLoad (6ms)
				EditorAssembliesLoaded (0ms)
			ExecutionOrderSort2 (0ms)
			AwakeInstancesAfterBackupRestoration (7ms)
Platform modules already initialized, skipping
Refreshing native plugins compatible for Editor in 0.63 ms, found 3 plugins.
Preloading 0 native plugins for Editor in 0.00 ms.
Unloading 2940 Unused Serialized files (Serialized files now loaded: 0)
System memory in use before: 105.9 MB.
System memory in use after: 106.1 MB.

Unloading 18 unused Assets to reduce memory usage. Loaded Objects now: 3405.
Total: 2.373900 ms (FindLiveObjects: 0.223100 ms CreateObjectMapping: 0.116300 ms MarkObjects: 1.952300 ms  DeleteObjects: 0.081500 ms)

AssetImportParameters requested are different than current active one (requested -> active):
  custom:framework-win-MediaFoundation: 216162199b28c13a410421893ffa2e32 -> 
  custom:video-decoder-ogg-theora: a1e56fd34408186e4bbccfd4996cb3dc -> 
  custom:container-muxer-webm: aa71ff27fc2769a1b78a27578f13a17b -> 
  custom:container-demuxer-webm: 4f35f7cbe854078d1ac9338744f61a02 -> 
  custom:container-demuxer-ogg: 62fdf1f143b41e24485cea50d1cbac27 -> 
  custom:video-encoder-webm-vp8: eb34c28f22e8b96e1ab97ce403110664 -> 
  custom:video-decoder-webm-vp8: 9c59270c3fd7afecdb556c50c9e8de78 -> 
  custom:audio-decoder-ogg-vorbis: bf7c407c2cedff20999df2af8eb42d56 -> 
  custom:audio-encoder-webm-vorbis: bf7c407c2cedff20999df2af8eb42d56 -> 
========================================================================
Received Prepare
Registering precompiled user dll's ...
Registered in 0.004361 seconds.
Begin MonoManager ReloadAssembly
Symbol file LoadedFromMemory doesn't match image L:\BL-GitHub\MiniJam85Gold\MiniJamGold\Library\PackageCache\com.unity.visualscripting@1.6.1\Editor\VisualScripting.Core\Dependencies\YamlDotNet\Unity.VisualScripting.YamlDotNet.dll
Symbol file LoadedFromMemory doesn't match image L:\BL-GitHub\MiniJam85Gold\MiniJamGold\Library\PackageCache\com.unity.visualscripting@1.6.1\Editor\VisualScripting.Core\Dependencies\DotNetZip\Unity.VisualScripting.IonicZip.dll
Native extension for WindowsStandalone target not found
Refreshing native plugins compatible for Editor in 0.62 ms, found 3 plugins.
Preloading 0 native plugins for Editor in 0.00 ms.
Mono: successfully reloaded assembly
- Completed reload, in  1.073 seconds
Domain Reload Profiling:
	ReloadAssembly (1074ms)
		BeginReloadAssembly (110ms)
			ExecutionOrderSort (0ms)
			DisableScriptedObjects (5ms)
			BackupInstance (0ms)
			ReleaseScriptingObjects (0ms)
			CreateAndSetChildDomain (36ms)
		EndReloadAssembly (899ms)
			LoadAssemblies (91ms)
			RebuildTransferFunctionScriptingTraits (0ms)
			SetupTypeCache (357ms)
			ReleaseScriptCaches (1ms)
			RebuildScriptCaches (40ms)
			SetupLoadedEditorAssemblies (305ms)
				LogAssemblyErrors (0ms)
				InitializePlatformSupportModulesInManaged (5ms)
				SetLoadedEditorAssemblies (0ms)
				RefreshPlugins (1ms)
				BeforeProcessingInitializeOnLoad (55ms)
				ProcessInitializeOnLoadAttributes (233ms)
				ProcessInitializeOnLoadMethodAttributes (5ms)
				AfterProcessingInitializeOnLoad (6ms)
				EditorAssembliesLoaded (0ms)
			ExecutionOrderSort2 (0ms)
			AwakeInstancesAfterBackupRestoration (7ms)
Platform modules already initialized, skipping
Refreshing native plugins compatible for Editor in 0.61 ms, found 3 plugins.
Preloading 0 native plugins for Editor in 0.00 ms.
Unloading 2940 Unused Serialized files (Serialized files now loaded: 0)
System memory in use before: 105.9 MB.
System memory in use after: 106.1 MB.

Unloading 18 unused Assets to reduce memory usage. Loaded Objects now: 3408.
Total: 2.416800 ms (FindLiveObjects: 0.237800 ms CreateObjectMapping: 0.160900 ms MarkObjects: 1.965800 ms  DeleteObjects: 0.051500 ms)

AssetImportParameters requested are different than current active one (requested -> active):
  custom:framework-win-MediaFoundation: 216162199b28c13a410421893ffa2e32 -> 
  custom:video-decoder-ogg-theora: a1e56fd34408186e4bbccfd4996cb3dc -> 
  custom:container-muxer-webm: aa71ff27fc2769a1b78a27578f13a17b -> 
  custom:container-demuxer-webm: 4f35f7cbe854078d1ac9338744f61a02 -> 
  custom:container-demuxer-ogg: 62fdf1f143b41e24485cea50d1cbac27 -> 
  custom:video-encoder-webm-vp8: eb34c28f22e8b96e1ab97ce403110664 -> 
  custom:video-decoder-webm-vp8: 9c59270c3fd7afecdb556c50c9e8de78 -> 
  custom:audio-decoder-ogg-vorbis: bf7c407c2cedff20999df2af8eb42d56 -> 
  custom:audio-encoder-webm-vorbis: bf7c407c2cedff20999df2af8eb42d56 -> 
========================================================================
Received Import Request.
  Time since last request: 590.488491 seconds.
  path: Assets/Material/Physics
  artifactKey: Guid(6c79c571590266340ac9d6cb8d0780b4) Importer(815301076,1909f56bfc062723c751e8b465ee728b)
Start importing Assets/Material/Physics using Guid(6c79c571590266340ac9d6cb8d0780b4) Importer(815301076,1909f56bfc062723c751e8b465ee728b)  -> (artifact id: '3bc756282214a9d4a9c5835753e1cad1') in 0.017400 seconds 
========================================================================
Received Import Request.
  Time since last request: 9.098912 seconds.
  path: Assets/Material/Physics/Slippy.physicMaterial
  artifactKey: Guid(9e2d15a1e59990a4da4c5b3bfaa86ad8) Importer(815301076,1909f56bfc062723c751e8b465ee728b)
Start importing Assets/Material/Physics/Slippy.physicMaterial using Guid(9e2d15a1e59990a4da4c5b3bfaa86ad8) Importer(815301076,1909f56bfc062723c751e8b465ee728b)  -> (artifact id: 'be564518b9971ebd467f7fe2bef1fd57') in 0.025242 seconds 
========================================================================
Received Import Request.
  Time since last request: 4.981439 seconds.
  path: Assets/Material/Physics/Slippy.physicMaterial
  artifactKey: Guid(9e2d15a1e59990a4da4c5b3bfaa86ad8) Importer(815301076,1909f56bfc062723c751e8b465ee728b)
Start importing Assets/Material/Physics/Slippy.physicMaterial using Guid(9e2d15a1e59990a4da4c5b3bfaa86ad8) Importer(815301076,1909f56bfc062723c751e8b465ee728b)  -> (artifact id: '5e3c672bdf29276c858326fed9c78502') in 0.008639 seconds 
========================================================================
Received Prepare
Registering precompiled user dll's ...
Registered in 0.003921 seconds.
Begin MonoManager ReloadAssembly
Symbol file LoadedFromMemory doesn't match image L:\BL-GitHub\MiniJam85Gold\MiniJamGold\Library\PackageCache\com.unity.visualscripting@1.6.1\Editor\VisualScripting.Core\Dependencies\YamlDotNet\Unity.VisualScripting.YamlDotNet.dll
Symbol file LoadedFromMemory doesn't match image L:\BL-GitHub\MiniJam85Gold\MiniJamGold\Library\PackageCache\com.unity.visualscripting@1.6.1\Editor\VisualScripting.Core\Dependencies\DotNetZip\Unity.VisualScripting.IonicZip.dll
Native extension for WindowsStandalone target not found
Refreshing native plugins compatible for Editor in 0.66 ms, found 3 plugins.
Preloading 0 native plugins for Editor in 0.00 ms.
Mono: successfully reloaded assembly
- Completed reload, in  1.103 seconds
Domain Reload Profiling:
	ReloadAssembly (1104ms)
		BeginReloadAssembly (107ms)
			ExecutionOrderSort (0ms)
			DisableScriptedObjects (4ms)
			BackupInstance (0ms)
			ReleaseScriptingObjects (0ms)
			CreateAndSetChildDomain (37ms)
		EndReloadAssembly (933ms)
			LoadAssemblies (87ms)
			RebuildTransferFunctionScriptingTraits (0ms)
			SetupTypeCache (387ms)
			ReleaseScriptCaches (1ms)
			RebuildScriptCaches (45ms)
			SetupLoadedEditorAssemblies (299ms)
				LogAssemblyErrors (0ms)
				InitializePlatformSupportModulesInManaged (5ms)
				SetLoadedEditorAssemblies (0ms)
				RefreshPlugins (1ms)
				BeforeProcessingInitializeOnLoad (52ms)
				ProcessInitializeOnLoadAttributes (229ms)
				ProcessInitializeOnLoadMethodAttributes (5ms)
				AfterProcessingInitializeOnLoad (7ms)
				EditorAssembliesLoaded (0ms)
			ExecutionOrderSort2 (0ms)
			AwakeInstancesAfterBackupRestoration (7ms)
Platform modules already initialized, skipping
Refreshing native plugins compatible for Editor in 0.61 ms, found 3 plugins.
Preloading 0 native plugins for Editor in 0.00 ms.
Unloading 2941 Unused Serialized files (Serialized files now loaded: 0)
System memory in use before: 106.0 MB.
System memory in use after: 106.2 MB.

Unloading 18 unused Assets to reduce memory usage. Loaded Objects now: 3412.
Total: 2.532900 ms (FindLiveObjects: 0.328300 ms CreateObjectMapping: 0.124100 ms MarkObjects: 2.019000 ms  DeleteObjects: 0.060900 ms)

AssetImportParameters requested are different than current active one (requested -> active):
  custom:framework-win-MediaFoundation: 216162199b28c13a410421893ffa2e32 -> 
  custom:video-decoder-ogg-theora: a1e56fd34408186e4bbccfd4996cb3dc -> 
  custom:container-muxer-webm: aa71ff27fc2769a1b78a27578f13a17b -> 
  custom:container-demuxer-webm: 4f35f7cbe854078d1ac9338744f61a02 -> 
  custom:container-demuxer-ogg: 62fdf1f143b41e24485cea50d1cbac27 -> 
  custom:video-encoder-webm-vp8: eb34c28f22e8b96e1ab97ce403110664 -> 
  custom:video-decoder-webm-vp8: 9c59270c3fd7afecdb556c50c9e8de78 -> 
  custom:audio-decoder-ogg-vorbis: bf7c407c2cedff20999df2af8eb42d56 -> 
  custom:audio-encoder-webm-vorbis: bf7c407c2cedff20999df2af8eb42d56 -> 
========================================================================
Received Prepare
Registering precompiled user dll's ...
Registered in 0.003751 seconds.
Begin MonoManager ReloadAssembly
Symbol file LoadedFromMemory doesn't match image L:\BL-GitHub\MiniJam85Gold\MiniJamGold\Library\PackageCache\com.unity.visualscripting@1.6.1\Editor\VisualScripting.Core\Dependencies\YamlDotNet\Unity.VisualScripting.YamlDotNet.dll
Symbol file LoadedFromMemory doesn't match image L:\BL-GitHub\MiniJam85Gold\MiniJamGold\Library\PackageCache\com.unity.visualscripting@1.6.1\Editor\VisualScripting.Core\Dependencies\DotNetZip\Unity.VisualScripting.IonicZip.dll
Native extension for WindowsStandalone target not found
Refreshing native plugins compatible for Editor in 0.70 ms, found 3 plugins.
Preloading 0 native plugins for Editor in 0.00 ms.
Mono: successfully reloaded assembly
- Completed reload, in  1.123 seconds
Domain Reload Profiling:
	ReloadAssembly (1123ms)
		BeginReloadAssembly (105ms)
			ExecutionOrderSort (0ms)
			DisableScriptedObjects (4ms)
			BackupInstance (0ms)
			ReleaseScriptingObjects (0ms)
			CreateAndSetChildDomain (34ms)
		EndReloadAssembly (956ms)
			LoadAssemblies (86ms)
			RebuildTransferFunctionScriptingTraits (0ms)
			SetupTypeCache (390ms)
			ReleaseScriptCaches (1ms)
			RebuildScriptCaches (38ms)
			SetupLoadedEditorAssemblies (325ms)
				LogAssemblyErrors (0ms)
				InitializePlatformSupportModulesInManaged (5ms)
				SetLoadedEditorAssemblies (0ms)
				RefreshPlugins (1ms)
				BeforeProcessingInitializeOnLoad (51ms)
				ProcessInitializeOnLoadAttributes (253ms)
				ProcessInitializeOnLoadMethodAttributes (7ms)
				AfterProcessingInitializeOnLoad (8ms)
				EditorAssembliesLoaded (1ms)
			ExecutionOrderSort2 (0ms)
			AwakeInstancesAfterBackupRestoration (10ms)
Platform modules already initialized, skipping
Refreshing native plugins compatible for Editor in 0.61 ms, found 3 plugins.
Preloading 0 native plugins for Editor in 0.00 ms.
Unloading 2940 Unused Serialized files (Serialized files now loaded: 0)
System memory in use before: 105.9 MB.
System memory in use after: 106.1 MB.

Unloading 18 unused Assets to reduce memory usage. Loaded Objects now: 3415.
Total: 2.678300 ms (FindLiveObjects: 0.221400 ms CreateObjectMapping: 0.107600 ms MarkObjects: 2.273500 ms  DeleteObjects: 0.075100 ms)

AssetImportParameters requested are different than current active one (requested -> active):
  custom:framework-win-MediaFoundation: 216162199b28c13a410421893ffa2e32 -> 
  custom:video-decoder-ogg-theora: a1e56fd34408186e4bbccfd4996cb3dc -> 
  custom:container-muxer-webm: aa71ff27fc2769a1b78a27578f13a17b -> 
  custom:container-demuxer-webm: 4f35f7cbe854078d1ac9338744f61a02 -> 
  custom:container-demuxer-ogg: 62fdf1f143b41e24485cea50d1cbac27 -> 
  custom:video-encoder-webm-vp8: eb34c28f22e8b96e1ab97ce403110664 -> 
  custom:video-decoder-webm-vp8: 9c59270c3fd7afecdb556c50c9e8de78 -> 
  custom:audio-decoder-ogg-vorbis: bf7c407c2cedff20999df2af8eb42d56 -> 
  custom:audio-encoder-webm-vorbis: bf7c407c2cedff20999df2af8eb42d56 -> 
========================================================================
Received Import Request.
  Time since last request: 300.213454 seconds.
  path: Assets/Material/Stone.mat
  artifactKey: Guid(b7bf57304ea7e6b47bc317fcf9a5ec8a) Importer(815301076,1909f56bfc062723c751e8b465ee728b)
Start importing Assets/Material/Stone.mat using Guid(b7bf57304ea7e6b47bc317fcf9a5ec8a) Importer(815301076,1909f56bfc062723c751e8b465ee728b)  -> (artifact id: 'af533a7140d7be0f4bdb4425b89ddda4') in 0.114643 seconds 
========================================================================
Received Import Request.
  Time since last request: 5.437784 seconds.
  path: Assets/Material/Stone.mat
  artifactKey: Guid(b7bf57304ea7e6b47bc317fcf9a5ec8a) Importer(815301076,1909f56bfc062723c751e8b465ee728b)
Start importing Assets/Material/Stone.mat using Guid(b7bf57304ea7e6b47bc317fcf9a5ec8a) Importer(815301076,1909f56bfc062723c751e8b465ee728b)  -> (artifact id: '19d0258c1961ffec3617314243cb58e3') in 0.022251 seconds 
========================================================================
Received Import Request.
  Time since last request: 36.101738 seconds.
  path: Assets/Material/Stone.mat
  artifactKey: Guid(b7bf57304ea7e6b47bc317fcf9a5ec8a) Importer(815301076,1909f56bfc062723c751e8b465ee728b)
Start importing Assets/Material/Stone.mat using Guid(b7bf57304ea7e6b47bc317fcf9a5ec8a) Importer(815301076,1909f56bfc062723c751e8b465ee728b)  -> (artifact id: 'a8e8af328c685ba043cfec2ef6fca97a') in 0.024550 seconds 
========================================================================
Received Prepare
Registering precompiled user dll's ...
Registered in 0.004036 seconds.
Begin MonoManager ReloadAssembly
Symbol file LoadedFromMemory doesn't match image L:\BL-GitHub\MiniJam85Gold\MiniJamGold\Library\PackageCache\com.unity.visualscripting@1.6.1\Editor\VisualScripting.Core\Dependencies\YamlDotNet\Unity.VisualScripting.YamlDotNet.dll
Symbol file LoadedFromMemory doesn't match image L:\BL-GitHub\MiniJam85Gold\MiniJamGold\Library\PackageCache\com.unity.visualscripting@1.6.1\Editor\VisualScripting.Core\Dependencies\DotNetZip\Unity.VisualScripting.IonicZip.dll
Native extension for WindowsStandalone target not found
Refreshing native plugins compatible for Editor in 0.61 ms, found 3 plugins.
Preloading 0 native plugins for Editor in 0.00 ms.
Mono: successfully reloaded assembly
- Completed reload, in  1.126 seconds
Domain Reload Profiling:
	ReloadAssembly (1126ms)
		BeginReloadAssembly (112ms)
			ExecutionOrderSort (0ms)
			DisableScriptedObjects (4ms)
			BackupInstance (0ms)
			ReleaseScriptingObjects (0ms)
			CreateAndSetChildDomain (39ms)
		EndReloadAssembly (951ms)
			LoadAssemblies (98ms)
			RebuildTransferFunctionScriptingTraits (0ms)
			SetupTypeCache (378ms)
			ReleaseScriptCaches (1ms)
			RebuildScriptCaches (44ms)
			SetupLoadedEditorAssemblies (319ms)
				LogAssemblyErrors (0ms)
				InitializePlatformSupportModulesInManaged (6ms)
				SetLoadedEditorAssemblies (1ms)
				RefreshPlugins (1ms)
				BeforeProcessingInitializeOnLoad (56ms)
				ProcessInitializeOnLoadAttributes (244ms)
				ProcessInitializeOnLoadMethodAttributes (5ms)
				AfterProcessingInitializeOnLoad (7ms)
				EditorAssembliesLoaded (0ms)
			ExecutionOrderSort2 (0ms)
			AwakeInstancesAfterBackupRestoration (9ms)
Platform modules already initialized, skipping
Refreshing native plugins compatible for Editor in 0.62 ms, found 3 plugins.
Preloading 0 native plugins for Editor in 0.00 ms.
Unloading 2940 Unused Serialized files (Serialized files now loaded: 0)
System memory in use before: 109.8 MB.
System memory in use after: 110.0 MB.

Unloading 18 unused Assets to reduce memory usage. Loaded Objects now: 3458.
Total: 2.585500 ms (FindLiveObjects: 0.309500 ms CreateObjectMapping: 0.112800 ms MarkObjects: 2.101900 ms  DeleteObjects: 0.060200 ms)

AssetImportParameters requested are different than current active one (requested -> active):
  custom:framework-win-MediaFoundation: 216162199b28c13a410421893ffa2e32 -> 
  custom:video-decoder-ogg-theora: a1e56fd34408186e4bbccfd4996cb3dc -> 
  custom:container-muxer-webm: aa71ff27fc2769a1b78a27578f13a17b -> 
  custom:container-demuxer-webm: 4f35f7cbe854078d1ac9338744f61a02 -> 
  custom:container-demuxer-ogg: 62fdf1f143b41e24485cea50d1cbac27 -> 
  custom:video-encoder-webm-vp8: eb34c28f22e8b96e1ab97ce403110664 -> 
  custom:video-decoder-webm-vp8: 9c59270c3fd7afecdb556c50c9e8de78 -> 
  custom:audio-decoder-ogg-vorbis: bf7c407c2cedff20999df2af8eb42d56 -> 
  custom:audio-encoder-webm-vorbis: bf7c407c2cedff20999df2af8eb42d56 -> 
========================================================================
Received Prepare
Registering precompiled user dll's ...
Registered in 0.004409 seconds.
Begin MonoManager ReloadAssembly
Symbol file LoadedFromMemory doesn't match image L:\BL-GitHub\MiniJam85Gold\MiniJamGold\Library\PackageCache\com.unity.visualscripting@1.6.1\Editor\VisualScripting.Core\Dependencies\YamlDotNet\Unity.VisualScripting.YamlDotNet.dll
Symbol file LoadedFromMemory doesn't match image L:\BL-GitHub\MiniJam85Gold\MiniJamGold\Library\PackageCache\com.unity.visualscripting@1.6.1\Editor\VisualScripting.Core\Dependencies\DotNetZip\Unity.VisualScripting.IonicZip.dll
Native extension for WindowsStandalone target not found
Refreshing native plugins compatible for Editor in 0.63 ms, found 3 plugins.
Preloading 0 native plugins for Editor in 0.00 ms.
Mono: successfully reloaded assembly
- Completed reload, in  1.152 seconds
Domain Reload Profiling:
	ReloadAssembly (1152ms)
		BeginReloadAssembly (121ms)
			ExecutionOrderSort (0ms)
			DisableScriptedObjects (5ms)
			BackupInstance (0ms)
			ReleaseScriptingObjects (0ms)
			CreateAndSetChildDomain (40ms)
		EndReloadAssembly (960ms)
			LoadAssemblies (104ms)
			RebuildTransferFunctionScriptingTraits (0ms)
			SetupTypeCache (398ms)
			ReleaseScriptCaches (1ms)
			RebuildScriptCaches (50ms)
			SetupLoadedEditorAssemblies (313ms)
				LogAssemblyErrors (0ms)
				InitializePlatformSupportModulesInManaged (5ms)
				SetLoadedEditorAssemblies (0ms)
				RefreshPlugins (1ms)
				BeforeProcessingInitializeOnLoad (52ms)
				ProcessInitializeOnLoadAttributes (243ms)
				ProcessInitializeOnLoadMethodAttributes (4ms)
				AfterProcessingInitializeOnLoad (6ms)
				EditorAssembliesLoaded (0ms)
			ExecutionOrderSort2 (0ms)
			AwakeInstancesAfterBackupRestoration (8ms)
Platform modules already initialized, skipping
Refreshing native plugins compatible for Editor in 0.69 ms, found 3 plugins.
Preloading 0 native plugins for Editor in 0.00 ms.
Unloading 2940 Unused Serialized files (Serialized files now loaded: 0)
System memory in use before: 109.8 MB.
System memory in use after: 110.0 MB.

Unloading 18 unused Assets to reduce memory usage. Loaded Objects now: 3461.
Total: 3.160900 ms (FindLiveObjects: 0.327300 ms CreateObjectMapping: 0.251200 ms MarkObjects: 2.511300 ms  DeleteObjects: 0.069300 ms)

AssetImportParameters requested are different than current active one (requested -> active):
  custom:framework-win-MediaFoundation: 216162199b28c13a410421893ffa2e32 -> 
  custom:video-decoder-ogg-theora: a1e56fd34408186e4bbccfd4996cb3dc -> 
  custom:container-muxer-webm: aa71ff27fc2769a1b78a27578f13a17b -> 
  custom:container-demuxer-webm: 4f35f7cbe854078d1ac9338744f61a02 -> 
  custom:container-demuxer-ogg: 62fdf1f143b41e24485cea50d1cbac27 -> 
  custom:video-encoder-webm-vp8: eb34c28f22e8b96e1ab97ce403110664 -> 
  custom:video-decoder-webm-vp8: 9c59270c3fd7afecdb556c50c9e8de78 -> 
  custom:audio-decoder-ogg-vorbis: bf7c407c2cedff20999df2af8eb42d56 -> 
  custom:audio-encoder-webm-vorbis: bf7c407c2cedff20999df2af8eb42d56 -> 
========================================================================
Received Prepare
Registering precompiled user dll's ...
Registered in 0.003991 seconds.
Begin MonoManager ReloadAssembly
Symbol file LoadedFromMemory doesn't match image L:\BL-GitHub\MiniJam85Gold\MiniJamGold\Library\PackageCache\com.unity.visualscripting@1.6.1\Editor\VisualScripting.Core\Dependencies\YamlDotNet\Unity.VisualScripting.YamlDotNet.dll
Symbol file LoadedFromMemory doesn't match image L:\BL-GitHub\MiniJam85Gold\MiniJamGold\Library\PackageCache\com.unity.visualscripting@1.6.1\Editor\VisualScripting.Core\Dependencies\DotNetZip\Unity.VisualScripting.IonicZip.dll
Native extension for WindowsStandalone target not found
Refreshing native plugins compatible for Editor in 0.82 ms, found 3 plugins.
Preloading 0 native plugins for Editor in 0.00 ms.
Mono: successfully reloaded assembly
- Completed reload, in  1.235 seconds
Domain Reload Profiling:
	ReloadAssembly (1236ms)
		BeginReloadAssembly (121ms)
			ExecutionOrderSort (0ms)
			DisableScriptedObjects (5ms)
			BackupInstance (0ms)
			ReleaseScriptingObjects (0ms)
			CreateAndSetChildDomain (40ms)
		EndReloadAssembly (1036ms)
			LoadAssemblies (106ms)
			RebuildTransferFunctionScriptingTraits (0ms)
			SetupTypeCache (432ms)
			ReleaseScriptCaches (1ms)
			RebuildScriptCaches (56ms)
			SetupLoadedEditorAssemblies (304ms)
				LogAssemblyErrors (0ms)
				InitializePlatformSupportModulesInManaged (6ms)
				SetLoadedEditorAssemblies (0ms)
				RefreshPlugins (1ms)
				BeforeProcessingInitializeOnLoad (57ms)
				ProcessInitializeOnLoadAttributes (229ms)
				ProcessInitializeOnLoadMethodAttributes (5ms)
				AfterProcessingInitializeOnLoad (6ms)
				EditorAssembliesLoaded (0ms)
			ExecutionOrderSort2 (0ms)
			AwakeInstancesAfterBackupRestoration (7ms)
Platform modules already initialized, skipping
Refreshing native plugins compatible for Editor in 0.67 ms, found 3 plugins.
Preloading 0 native plugins for Editor in 0.00 ms.
Unloading 2940 Unused Serialized files (Serialized files now loaded: 0)
System memory in use before: 109.8 MB.
System memory in use after: 110.0 MB.

Unloading 18 unused Assets to reduce memory usage. Loaded Objects now: 3464.
Total: 2.690600 ms (FindLiveObjects: 0.338500 ms CreateObjectMapping: 0.135100 ms MarkObjects: 2.156600 ms  DeleteObjects: 0.059500 ms)

AssetImportParameters requested are different than current active one (requested -> active):
  custom:framework-win-MediaFoundation: 216162199b28c13a410421893ffa2e32 -> 
  custom:video-decoder-ogg-theora: a1e56fd34408186e4bbccfd4996cb3dc -> 
  custom:container-muxer-webm: aa71ff27fc2769a1b78a27578f13a17b -> 
  custom:container-demuxer-webm: 4f35f7cbe854078d1ac9338744f61a02 -> 
  custom:container-demuxer-ogg: 62fdf1f143b41e24485cea50d1cbac27 -> 
  custom:video-encoder-webm-vp8: eb34c28f22e8b96e1ab97ce403110664 -> 
  custom:video-decoder-webm-vp8: 9c59270c3fd7afecdb556c50c9e8de78 -> 
  custom:audio-decoder-ogg-vorbis: bf7c407c2cedff20999df2af8eb42d56 -> 
  custom:audio-encoder-webm-vorbis: bf7c407c2cedff20999df2af8eb42d56 -> 
========================================================================
Received Import Request.
  Time since last request: 1432.208087 seconds.
  path: Assets/Models
  artifactKey: Guid(81c08402b23b9dc4186f61c6f3f6b0b4) Importer(815301076,1909f56bfc062723c751e8b465ee728b)
Start importing Assets/Models using Guid(81c08402b23b9dc4186f61c6f3f6b0b4) Importer(815301076,1909f56bfc062723c751e8b465ee728b)  -> (artifact id: '6aaf9bb5df6da6c74393fcdee81b76ed') in 0.020853 seconds 
========================================================================
Received Import Request.
  Time since last request: 14.472915 seconds.
  path: Assets/Models/Gold
  artifactKey: Guid(c68e5f8eb4186584b82a60dacd9bc9d4) Importer(815301076,1909f56bfc062723c751e8b465ee728b)
Start importing Assets/Models/Gold using Guid(c68e5f8eb4186584b82a60dacd9bc9d4) Importer(815301076,1909f56bfc062723c751e8b465ee728b)  -> (artifact id: '1c62aa9649365f102a2da93852ad01fb') in 0.012192 seconds 
========================================================================
Received Import Request.
  Time since last request: 2.712439 seconds.
  path: Assets/Models/Gold/GoldBars.fbx
  artifactKey: Guid(ec4fcbd030e89de419163b4e028a608b) Importer(815301076,1909f56bfc062723c751e8b465ee728b)
Start importing Assets/Models/Gold/GoldBars.fbx using Guid(ec4fcbd030e89de419163b4e028a608b) Importer(815301076,1909f56bfc062723c751e8b465ee728b)  -> (artifact id: '9bfc828893a934eb7fcb43f58bc3e2d9') in 0.152595 seconds 
========================================================================
Received Import Request.
  Time since last request: 14.894321 seconds.
  path: Assets/Material/New Material.mat
  artifactKey: Guid(184cf10717488244e9cfc2f1ebd8810b) Importer(815301076,1909f56bfc062723c751e8b465ee728b)
Start importing Assets/Material/New Material.mat using Guid(184cf10717488244e9cfc2f1ebd8810b) Importer(815301076,1909f56bfc062723c751e8b465ee728b)  -> (artifact id: '1cb1a9334b5ab8384472b66b0bb93e21') in 0.038227 seconds 
========================================================================
Received Import Request.
  Time since last request: 3.541495 seconds.
  path: Assets/Material/Gold.mat
  artifactKey: Guid(184cf10717488244e9cfc2f1ebd8810b) Importer(815301076,1909f56bfc062723c751e8b465ee728b)
Start importing Assets/Material/Gold.mat using Guid(184cf10717488244e9cfc2f1ebd8810b) Importer(815301076,1909f56bfc062723c751e8b465ee728b)  -> (artifact id: '133ce99827329fd1aa371764f6afa8bd') in 0.016778 seconds 
========================================================================
Received Import Request.
  Time since last request: 15.521633 seconds.
  path: Assets/Material/Gold.mat
  artifactKey: Guid(184cf10717488244e9cfc2f1ebd8810b) Importer(815301076,1909f56bfc062723c751e8b465ee728b)
Start importing Assets/Material/Gold.mat using Guid(184cf10717488244e9cfc2f1ebd8810b) Importer(815301076,1909f56bfc062723c751e8b465ee728b)  -> (artifact id: '8bd17a7f12f85e28411701c2ac8af9dd') in 0.023786 seconds 
========================================================================
Received Prepare
Registering precompiled user dll's ...
Registered in 0.003960 seconds.
Begin MonoManager ReloadAssembly
Symbol file LoadedFromMemory doesn't match image L:\BL-GitHub\MiniJam85Gold\MiniJamGold\Library\PackageCache\com.unity.visualscripting@1.6.1\Editor\VisualScripting.Core\Dependencies\YamlDotNet\Unity.VisualScripting.YamlDotNet.dll
Symbol file LoadedFromMemory doesn't match image L:\BL-GitHub\MiniJam85Gold\MiniJamGold\Library\PackageCache\com.unity.visualscripting@1.6.1\Editor\VisualScripting.Core\Dependencies\DotNetZip\Unity.VisualScripting.IonicZip.dll
Native extension for WindowsStandalone target not found
Refreshing native plugins compatible for Editor in 0.74 ms, found 3 plugins.
Preloading 0 native plugins for Editor in 0.00 ms.
Mono: successfully reloaded assembly
- Completed reload, in  1.140 seconds
Domain Reload Profiling:
	ReloadAssembly (1140ms)
		BeginReloadAssembly (119ms)
			ExecutionOrderSort (0ms)
			DisableScriptedObjects (4ms)
			BackupInstance (0ms)
			ReleaseScriptingObjects (0ms)
			CreateAndSetChildDomain (42ms)
		EndReloadAssembly (957ms)
			LoadAssemblies (91ms)
			RebuildTransferFunctionScriptingTraits (0ms)
			SetupTypeCache (369ms)
			ReleaseScriptCaches (1ms)
			RebuildScriptCaches (45ms)
			SetupLoadedEditorAssemblies (339ms)
				LogAssemblyErrors (0ms)
				InitializePlatformSupportModulesInManaged (5ms)
				SetLoadedEditorAssemblies (1ms)
				RefreshPlugins (1ms)
				BeforeProcessingInitializeOnLoad (57ms)
				ProcessInitializeOnLoadAttributes (263ms)
				ProcessInitializeOnLoadMethodAttributes (6ms)
				AfterProcessingInitializeOnLoad (7ms)
				EditorAssembliesLoaded (0ms)
			ExecutionOrderSort2 (0ms)
			AwakeInstancesAfterBackupRestoration (9ms)
Platform modules already initialized, skipping
Refreshing native plugins compatible for Editor in 1.15 ms, found 3 plugins.
Preloading 0 native plugins for Editor in 0.00 ms.
Unloading 2940 Unused Serialized files (Serialized files now loaded: 0)
System memory in use before: 110.0 MB.
System memory in use after: 110.2 MB.

Unloading 19 unused Assets to reduce memory usage. Loaded Objects now: 3471.
Total: 5.331100 ms (FindLiveObjects: 0.451200 ms CreateObjectMapping: 0.155800 ms MarkObjects: 4.604800 ms  DeleteObjects: 0.117700 ms)

AssetImportParameters requested are different than current active one (requested -> active):
  custom:framework-win-MediaFoundation: 216162199b28c13a410421893ffa2e32 -> 
  custom:video-decoder-ogg-theora: a1e56fd34408186e4bbccfd4996cb3dc -> 
  custom:container-muxer-webm: aa71ff27fc2769a1b78a27578f13a17b -> 
  custom:container-demuxer-webm: 4f35f7cbe854078d1ac9338744f61a02 -> 
  custom:container-demuxer-ogg: 62fdf1f143b41e24485cea50d1cbac27 -> 
  custom:video-encoder-webm-vp8: eb34c28f22e8b96e1ab97ce403110664 -> 
  custom:video-decoder-webm-vp8: 9c59270c3fd7afecdb556c50c9e8de78 -> 
  custom:audio-decoder-ogg-vorbis: bf7c407c2cedff20999df2af8eb42d56 -> 
  custom:audio-encoder-webm-vorbis: bf7c407c2cedff20999df2af8eb42d56 -> 
========================================================================
Received Import Request.
  Time since last request: 64.371807 seconds.
  path: Assets/Material/Gold.mat
  artifactKey: Guid(184cf10717488244e9cfc2f1ebd8810b) Importer(815301076,1909f56bfc062723c751e8b465ee728b)
Start importing Assets/Material/Gold.mat using Guid(184cf10717488244e9cfc2f1ebd8810b) Importer(815301076,1909f56bfc062723c751e8b465ee728b)  -> (artifact id: '34128cc99e448298c619f05800cd442e') in 0.103538 seconds 
========================================================================
Received Prepare
Registering precompiled user dll's ...
Registered in 0.004677 seconds.
Begin MonoManager ReloadAssembly
Symbol file LoadedFromMemory doesn't match image L:\BL-GitHub\MiniJam85Gold\MiniJamGold\Library\PackageCache\com.unity.visualscripting@1.6.1\Editor\VisualScripting.Core\Dependencies\YamlDotNet\Unity.VisualScripting.YamlDotNet.dll
Symbol file LoadedFromMemory doesn't match image L:\BL-GitHub\MiniJam85Gold\MiniJamGold\Library\PackageCache\com.unity.visualscripting@1.6.1\Editor\VisualScripting.Core\Dependencies\DotNetZip\Unity.VisualScripting.IonicZip.dll
Native extension for WindowsStandalone target not found
Refreshing native plugins compatible for Editor in 0.69 ms, found 3 plugins.
Preloading 0 native plugins for Editor in 0.00 ms.
Mono: successfully reloaded assembly
- Completed reload, in  1.274 seconds
Domain Reload Profiling:
	ReloadAssembly (1274ms)
		BeginReloadAssembly (126ms)
			ExecutionOrderSort (0ms)
			DisableScriptedObjects (6ms)
			BackupInstance (0ms)
			ReleaseScriptingObjects (0ms)
			CreateAndSetChildDomain (47ms)
		EndReloadAssembly (1070ms)
			LoadAssemblies (107ms)
			RebuildTransferFunctionScriptingTraits (0ms)
			SetupTypeCache (430ms)
			ReleaseScriptCaches (1ms)
			RebuildScriptCaches (50ms)
			SetupLoadedEditorAssemblies (355ms)
				LogAssemblyErrors (0ms)
				InitializePlatformSupportModulesInManaged (6ms)
				SetLoadedEditorAssemblies (0ms)
				RefreshPlugins (1ms)
				BeforeProcessingInitializeOnLoad (55ms)
				ProcessInitializeOnLoadAttributes (273ms)
				ProcessInitializeOnLoadMethodAttributes (7ms)
				AfterProcessingInitializeOnLoad (12ms)
				EditorAssembliesLoaded (0ms)
			ExecutionOrderSort2 (0ms)
			AwakeInstancesAfterBackupRestoration (8ms)
Platform modules already initialized, skipping
Refreshing native plugins compatible for Editor in 0.99 ms, found 3 plugins.
Preloading 0 native plugins for Editor in 0.00 ms.
Unloading 2940 Unused Serialized files (Serialized files now loaded: 0)
System memory in use before: 110.0 MB.
System memory in use after: 110.2 MB.

Unloading 18 unused Assets to reduce memory usage. Loaded Objects now: 3475.
Total: 3.423700 ms (FindLiveObjects: 0.416100 ms CreateObjectMapping: 0.308800 ms MarkObjects: 2.641800 ms  DeleteObjects: 0.055800 ms)

AssetImportParameters requested are different than current active one (requested -> active):
  custom:framework-win-MediaFoundation: 216162199b28c13a410421893ffa2e32 -> 
  custom:video-decoder-ogg-theora: a1e56fd34408186e4bbccfd4996cb3dc -> 
  custom:container-muxer-webm: aa71ff27fc2769a1b78a27578f13a17b -> 
  custom:container-demuxer-webm: 4f35f7cbe854078d1ac9338744f61a02 -> 
  custom:container-demuxer-ogg: 62fdf1f143b41e24485cea50d1cbac27 -> 
  custom:video-encoder-webm-vp8: eb34c28f22e8b96e1ab97ce403110664 -> 
  custom:video-decoder-webm-vp8: 9c59270c3fd7afecdb556c50c9e8de78 -> 
  custom:audio-decoder-ogg-vorbis: bf7c407c2cedff20999df2af8eb42d56 -> 
  custom:audio-encoder-webm-vorbis: bf7c407c2cedff20999df2af8eb42d56 -> 
========================================================================
Received Import Request.
  Time since last request: 13.570804 seconds.
  path: Assets/Material/Gold.mat
  artifactKey: Guid(184cf10717488244e9cfc2f1ebd8810b) Importer(815301076,1909f56bfc062723c751e8b465ee728b)
Start importing Assets/Material/Gold.mat using Guid(184cf10717488244e9cfc2f1ebd8810b) Importer(815301076,1909f56bfc062723c751e8b465ee728b)  -> (artifact id: '34d43345febbbdf12ed4a22462584487') in 0.069137 seconds 
========================================================================
Received Import Request.
  Time since last request: 132.088695 seconds.
  path: Assets/Models/Minecart/Minecart.fbx
  artifactKey: Guid(37aacf0f2215694409331a0569c1f322) Importer(815301076,1909f56bfc062723c751e8b465ee728b)
Start importing Assets/Models/Minecart/Minecart.fbx using Guid(37aacf0f2215694409331a0569c1f322) Importer(815301076,1909f56bfc062723c751e8b465ee728b)  -> (artifact id: '7fb115f745ce45d06f0e5ed0bc698a62') in 0.147870 seconds 
========================================================================
Received Import Request.
  Time since last request: 740.187077 seconds.
  path: Assets/Models/Minecart/Minecart.fbx
  artifactKey: Guid(37aacf0f2215694409331a0569c1f322) Importer(815301076,1909f56bfc062723c751e8b465ee728b)
Start importing Assets/Models/Minecart/Minecart.fbx using Guid(37aacf0f2215694409331a0569c1f322) Importer(815301076,1909f56bfc062723c751e8b465ee728b)  -> (artifact id: 'cbad481f58068a75da2d821fe3cc1ddd') in 0.065214 seconds 
========================================================================
Received Import Request.
  Time since last request: 27.787325 seconds.
  path: Assets/Models
  artifactKey: Guid(81c08402b23b9dc4186f61c6f3f6b0b4) Importer(815301076,1909f56bfc062723c751e8b465ee728b)
Start importing Assets/Models using Guid(81c08402b23b9dc4186f61c6f3f6b0b4) Importer(815301076,1909f56bfc062723c751e8b465ee728b)  -> (artifact id: '6aaf9bb5df6da6c74393fcdee81b76ed') in 0.010470 seconds 
========================================================================
Received Import Request.
  Time since last request: 3.263146 seconds.
  path: Assets/Models/Rails
  artifactKey: Guid(9d8373a0faee9db4894cf47676bc87c5) Importer(815301076,1909f56bfc062723c751e8b465ee728b)
Start importing Assets/Models/Rails using Guid(9d8373a0faee9db4894cf47676bc87c5) Importer(815301076,1909f56bfc062723c751e8b465ee728b)  -> (artifact id: '71a0e777d78b98fa194cd204fe5de5e2') in 0.006039 seconds 
========================================================================
Received Import Request.
  Time since last request: 1029.539122 seconds.
  path: Assets/Models/Rails/RailStraight.fbx
  artifactKey: Guid(ef9427f969dd00e42ae94bf691084193) Importer(815301076,1909f56bfc062723c751e8b465ee728b)
Start importing Assets/Models/Rails/RailStraight.fbx using Guid(ef9427f969dd00e42ae94bf691084193) Importer(815301076,1909f56bfc062723c751e8b465ee728b)  -> (artifact id: 'deca34dc051abd3a208694be3a4e631e') in 0.038133 seconds 
========================================================================
Received Import Request.
  Time since last request: 4684.460082 seconds.
  path: Assets/Models/Rails/RailCurve0000.fbx
  artifactKey: Guid(70801591bdcdf6841aa7ee02c2c73247) Importer(815301076,1909f56bfc062723c751e8b465ee728b)
Start importing Assets/Models/Rails/RailCurve0000.fbx using Guid(70801591bdcdf6841aa7ee02c2c73247) Importer(815301076,1909f56bfc062723c751e8b465ee728b)  -> (artifact id: '40a3d65a035adf0b4fc7dbc6cf5f47bb') in 0.094317 seconds 
========================================================================
Received Import Request.
  Time since last request: 0.000260 seconds.
  path: Assets/Models/Rails/RailDiagonalStraightSlantCorrection0001.fbx
  artifactKey: Guid(1b88bbf099b9c2c49b3eb514b73af65b) Importer(815301076,1909f56bfc062723c751e8b465ee728b)
Start importing Assets/Models/Rails/RailDiagonalStraightSlantCorrection0001.fbx using Guid(1b88bbf099b9c2c49b3eb514b73af65b) Importer(815301076,1909f56bfc062723c751e8b465ee728b)  -> (artifact id: '691fed0efe87d01645c65a4e60786bf9') in 0.030824 seconds 
========================================================================
Received Import Request.
  Time since last request: 0.000154 seconds.
  path: Assets/Models/Rails/RailDiagonalStraightCurveUp.fbx
  artifactKey: Guid(42d1f78694ae15e4da2197e987578015) Importer(815301076,1909f56bfc062723c751e8b465ee728b)
Start importing Assets/Models/Rails/RailDiagonalStraightCurveUp.fbx using Guid(42d1f78694ae15e4da2197e987578015) Importer(815301076,1909f56bfc062723c751e8b465ee728b)  -> (artifact id: 'c8bbf448fb3f8ed1d65ebb3f23dc51e5') in 0.028975 seconds 
========================================================================
Received Import Request.
  Time since last request: 0.000367 seconds.
  path: Assets/Models/Rails/RailCurve0001.fbx
  artifactKey: Guid(f3e249b5040ba8e40bd9538acc91b89b) Importer(815301076,1909f56bfc062723c751e8b465ee728b)
Start importing Assets/Models/Rails/RailCurve0001.fbx using Guid(f3e249b5040ba8e40bd9538acc91b89b) Importer(815301076,1909f56bfc062723c751e8b465ee728b)  -> (artifact id: '34c37d9e304259f42e46b61881240c00') in 0.033423 seconds 
========================================================================
Received Import Request.
  Time since last request: 0.000320 seconds.
  path: Assets/Models/Rails/RailDiagonalStraightSlant.fbx
  artifactKey: Guid(9f9bcd4e050ebf0469e6b539148652e7) Importer(815301076,1909f56bfc062723c751e8b465ee728b)
Start importing Assets/Models/Rails/RailDiagonalStraightSlant.fbx using Guid(9f9bcd4e050ebf0469e6b539148652e7) Importer(815301076,1909f56bfc062723c751e8b465ee728b)  -> (artifact id: '2b616c38c0eeb984ddc8a78bcf939a36') in 0.027399 seconds 
========================================================================
Received Import Request.
  Time since last request: 0.000345 seconds.
  path: Assets/Models/Rails/RailDiagonalStraightCurveUp0000.fbx
  artifactKey: Guid(cdbbe36ed288475429f54f4cba69e068) Importer(815301076,1909f56bfc062723c751e8b465ee728b)
Start importing Assets/Models/Rails/RailDiagonalStraightCurveUp0000.fbx using Guid(cdbbe36ed288475429f54f4cba69e068) Importer(815301076,1909f56bfc062723c751e8b465ee728b)  -> (artifact id: 'c42e6da12ff771042e899648c0543dc6') in 0.033754 seconds 
========================================================================
Received Import Request.
  Time since last request: 0.000312 seconds.
  path: Assets/Models/Rails/RailDiagonalStraightSlantCorrection0000.fbx
  artifactKey: Guid(653426aadd273dd408731fba8c3e8cfc) Importer(815301076,1909f56bfc062723c751e8b465ee728b)
Start importing Assets/Models/Rails/RailDiagonalStraightSlantCorrection0000.fbx using Guid(653426aadd273dd408731fba8c3e8cfc) Importer(815301076,1909f56bfc062723c751e8b465ee728b)  -> (artifact id: 'd4cb4d300b28d1a87fdb698d1b49333c') in 0.030916 seconds 
========================================================================
Received Import Request.
  Time since last request: 1601.820969 seconds.
  path: Assets/Models/Rails/RailDownStraight.fbx
  artifactKey: Guid(96f3eb2637b955c44ab0ac4f8219fb83) Importer(815301076,1909f56bfc062723c751e8b465ee728b)
Start importing Assets/Models/Rails/RailDownStraight.fbx using Guid(96f3eb2637b955c44ab0ac4f8219fb83) Importer(815301076,1909f56bfc062723c751e8b465ee728b)  -> (artifact id: '403880237bf396108162e1be582f0797') in 0.050687 seconds 
========================================================================
Received Import Request.
  Time since last request: 0.000252 seconds.
  path: Assets/Models/Rails/RailUpTurn0000.fbx
  artifactKey: Guid(dec5024c5c160cf48893725c4c1ab76a) Importer(815301076,1909f56bfc062723c751e8b465ee728b)
Start importing Assets/Models/Rails/RailUpTurn0000.fbx using Guid(dec5024c5c160cf48893725c4c1ab76a) Importer(815301076,1909f56bfc062723c751e8b465ee728b)  -> (artifact id: 'f4facfad1608f054ed163335b1f62d03') in 0.043917 seconds 
========================================================================
Received Import Request.
  Time since last request: 0.000265 seconds.
  path: Assets/Models/Rails/RailDownTurn0000.fbx
  artifactKey: Guid(93db77da1db25bb4ca0d3d9e5dce393d) Importer(815301076,1909f56bfc062723c751e8b465ee728b)
Start importing Assets/Models/Rails/RailDownTurn0000.fbx using Guid(93db77da1db25bb4ca0d3d9e5dce393d) Importer(815301076,1909f56bfc062723c751e8b465ee728b)  -> (artifact id: 'ec077575a462f09895d14defb0a484bc') in 0.043071 seconds 
========================================================================
Received Import Request.
  Time since last request: 0.000194 seconds.
  path: Assets/Models/Rails/RailJump.fbx
  artifactKey: Guid(6dbb9a50336c1eb4b88237af1a3f952e) Importer(815301076,1909f56bfc062723c751e8b465ee728b)
Start importing Assets/Models/Rails/RailJump.fbx using Guid(6dbb9a50336c1eb4b88237af1a3f952e) Importer(815301076,1909f56bfc062723c751e8b465ee728b)  -> (artifact id: '49c86d08a70a0bc8c6571ef8123fb933') in 0.036411 seconds 
========================================================================
Received Prepare
Registering precompiled user dll's ...
Registered in 0.005626 seconds.
Begin MonoManager ReloadAssembly
Symbol file LoadedFromMemory doesn't match image D:\5. Programming\4. Unity\0. Game-Jam-Dragon-Game\MiniJam85Gold\MiniJamGold\Library\PackageCache\com.unity.visualscripting@1.6.1\Editor\VisualScripting.Core\Dependencies\YamlDotNet\Unity.VisualScripting.YamlDotNet.dll
Symbol file LoadedFromMemory doesn't match image D:\5. Programming\4. Unity\0. Game-Jam-Dragon-Game\MiniJam85Gold\MiniJamGold\Library\PackageCache\com.unity.visualscripting@1.6.1\Editor\VisualScripting.Core\Dependencies\DotNetZip\Unity.VisualScripting.IonicZip.dll
Native extension for Lumin target not found
Native extension for LinuxStandalone target not found
Native extension for WindowsStandalone target not found
Native extension for OSXStandalone target not found
Native extension for WebGL target not found
Refreshing native plugins compatible for Editor in 0.66 ms, found 3 plugins.
Preloading 0 native plugins for Editor in 0.00 ms.
Mono: successfully reloaded assembly
- Completed reload, in  1.340 seconds
Domain Reload Profiling:
	ReloadAssembly (1341ms)
		BeginReloadAssembly (205ms)
			ExecutionOrderSort (0ms)
			DisableScriptedObjects (16ms)
			BackupInstance (0ms)
			ReleaseScriptingObjects (0ms)
			CreateAndSetChildDomain (100ms)
		EndReloadAssembly (1053ms)
			LoadAssemblies (104ms)
			RebuildTransferFunctionScriptingTraits (0ms)
			SetupTypeCache (422ms)
			ReleaseScriptCaches (1ms)
			RebuildScriptCaches (50ms)
			SetupLoadedEditorAssemblies (351ms)
				LogAssemblyErrors (0ms)
				InitializePlatformSupportModulesInManaged (9ms)
				SetLoadedEditorAssemblies (0ms)
				RefreshPlugins (1ms)
				BeforeProcessingInitializeOnLoad (63ms)
				ProcessInitializeOnLoadAttributes (267ms)
				ProcessInitializeOnLoadMethodAttributes (4ms)
				AfterProcessingInitializeOnLoad (7ms)
				EditorAssembliesLoaded (0ms)
			ExecutionOrderSort2 (0ms)
			AwakeInstancesAfterBackupRestoration (7ms)
Platform modules already initialized, skipping
Refreshing native plugins compatible for Editor in 0.70 ms, found 3 plugins.
Preloading 0 native plugins for Editor in 0.00 ms.
Unloading 2940 Unused Serialized files (Serialized files now loaded: 0)
System memory in use before: 115.0 MB.
System memory in use after: 115.3 MB.

Unloading 18 unused Assets to reduce memory usage. Loaded Objects now: 3442.
Total: 3.461000 ms (FindLiveObjects: 0.367600 ms CreateObjectMapping: 0.270000 ms MarkObjects: 2.715300 ms  DeleteObjects: 0.106500 ms)

AssetImportParameters requested are different than current active one (requested -> active):
  custom:framework-win-MediaFoundation: 216162199b28c13a410421893ffa2e32 -> 
  custom:video-decoder-ogg-theora: a1e56fd34408186e4bbccfd4996cb3dc -> 
  custom:container-muxer-webm: aa71ff27fc2769a1b78a27578f13a17b -> 
  custom:container-demuxer-webm: 4f35f7cbe854078d1ac9338744f61a02 -> 
  custom:container-demuxer-ogg: 62fdf1f143b41e24485cea50d1cbac27 -> 
  custom:video-encoder-webm-vp8: eb34c28f22e8b96e1ab97ce403110664 -> 
  custom:video-decoder-webm-vp8: 9c59270c3fd7afecdb556c50c9e8de78 -> 
  custom:audio-decoder-ogg-vorbis: bf7c407c2cedff20999df2af8eb42d56 -> 
  custom:audio-encoder-webm-vorbis: bf7c407c2cedff20999df2af8eb42d56 -> 
========================================================================
Received Import Request.
  Time since last request: 1162.191794 seconds.
  path: Assets/Models/Rails/RailCurve0000.fbx
  artifactKey: Guid(70801591bdcdf6841aa7ee02c2c73247) Importer(815301076,1909f56bfc062723c751e8b465ee728b)
Start importing Assets/Models/Rails/RailCurve0000.fbx using Guid(70801591bdcdf6841aa7ee02c2c73247) Importer(815301076,1909f56bfc062723c751e8b465ee728b)  -> (artifact id: '71c4e6887b07eb503539cc5e7124f52e') in 0.165544 seconds 
========================================================================
Received Import Request.
  Time since last request: 0.000186 seconds.
  path: Assets/Models/Rails/RailDiagonalStraightSlantCorrection0001.fbx
  artifactKey: Guid(1b88bbf099b9c2c49b3eb514b73af65b) Importer(815301076,1909f56bfc062723c751e8b465ee728b)
Start importing Assets/Models/Rails/RailDiagonalStraightSlantCorrection0001.fbx using Guid(1b88bbf099b9c2c49b3eb514b73af65b) Importer(815301076,1909f56bfc062723c751e8b465ee728b)  -> (artifact id: '9399a9fade0115e40dfb7a9d2fc54a17') in 0.039575 seconds 
========================================================================
Received Import Request.
  Time since last request: 0.000241 seconds.
  path: Assets/Models/Rails/RailUpTurn0000.fbx
  artifactKey: Guid(dec5024c5c160cf48893725c4c1ab76a) Importer(815301076,1909f56bfc062723c751e8b465ee728b)
Start importing Assets/Models/Rails/RailUpTurn0000.fbx using Guid(dec5024c5c160cf48893725c4c1ab76a) Importer(815301076,1909f56bfc062723c751e8b465ee728b)  -> (artifact id: 'f3cbd32ca87cff4e92ae5ef8afdfed61') in 0.051554 seconds 
========================================================================
Received Import Request.
  Time since last request: 0.000253 seconds.
  path: Assets/Models/Rails/RailDownTurn0000.fbx
  artifactKey: Guid(93db77da1db25bb4ca0d3d9e5dce393d) Importer(815301076,1909f56bfc062723c751e8b465ee728b)
Start importing Assets/Models/Rails/RailDownTurn0000.fbx using Guid(93db77da1db25bb4ca0d3d9e5dce393d) Importer(815301076,1909f56bfc062723c751e8b465ee728b)  -> (artifact id: '424b49ebed0ec718b1b446d196ef1ec2') in 0.048882 seconds 
========================================================================
Received Import Request.
  Time since last request: 0.000279 seconds.
  path: Assets/Models/Rails/RailStraight.fbx
  artifactKey: Guid(ef9427f969dd00e42ae94bf691084193) Importer(815301076,1909f56bfc062723c751e8b465ee728b)
Start importing Assets/Models/Rails/RailStraight.fbx using Guid(ef9427f969dd00e42ae94bf691084193) Importer(815301076,1909f56bfc062723c751e8b465ee728b)  -> (artifact id: '910f8a7971c1510ec437ca46656dc0e3') in 0.046197 seconds 
========================================================================
Received Import Request.
  Time since last request: 0.000177 seconds.
  path: Assets/Models/Rails/RailDiagonalStraightCurveUp.fbx
  artifactKey: Guid(42d1f78694ae15e4da2197e987578015) Importer(815301076,1909f56bfc062723c751e8b465ee728b)
Start importing Assets/Models/Rails/RailDiagonalStraightCurveUp.fbx using Guid(42d1f78694ae15e4da2197e987578015) Importer(815301076,1909f56bfc062723c751e8b465ee728b)  -> (artifact id: '0f30e80d1eed15c4fc1e9f67960d20ab') in 0.028137 seconds 
========================================================================
Received Import Request.
  Time since last request: 0.000216 seconds.
  path: Assets/Models/Rails/RailCurve0001.fbx
  artifactKey: Guid(f3e249b5040ba8e40bd9538acc91b89b) Importer(815301076,1909f56bfc062723c751e8b465ee728b)
Start importing Assets/Models/Rails/RailCurve0001.fbx using Guid(f3e249b5040ba8e40bd9538acc91b89b) Importer(815301076,1909f56bfc062723c751e8b465ee728b)  -> (artifact id: '636b5f5d4daf542f6eabec2246fc3bc2') in 0.042235 seconds 
========================================================================
Received Import Request.
  Time since last request: 0.000199 seconds.
  path: Assets/Models/Rails/RailDiagonalStraightSlant.fbx
  artifactKey: Guid(9f9bcd4e050ebf0469e6b539148652e7) Importer(815301076,1909f56bfc062723c751e8b465ee728b)
Start importing Assets/Models/Rails/RailDiagonalStraightSlant.fbx using Guid(9f9bcd4e050ebf0469e6b539148652e7) Importer(815301076,1909f56bfc062723c751e8b465ee728b)  -> (artifact id: '90144fa335b59e284f56a43afc91cb98') in 0.033021 seconds 
========================================================================
Received Import Request.
  Time since last request: 0.000213 seconds.
  path: Assets/Models/Rails/RailJump.fbx
  artifactKey: Guid(6dbb9a50336c1eb4b88237af1a3f952e) Importer(815301076,1909f56bfc062723c751e8b465ee728b)
Start importing Assets/Models/Rails/RailJump.fbx using Guid(6dbb9a50336c1eb4b88237af1a3f952e) Importer(815301076,1909f56bfc062723c751e8b465ee728b)  -> (artifact id: '8e199bdbdc56fd88621d8718924ae979') in 0.042170 seconds 
========================================================================
Received Import Request.
  Time since last request: 0.000285 seconds.
  path: Assets/Models/Rails/RailDiagonalStraightCurveUp0000.fbx
  artifactKey: Guid(cdbbe36ed288475429f54f4cba69e068) Importer(815301076,1909f56bfc062723c751e8b465ee728b)
Start importing Assets/Models/Rails/RailDiagonalStraightCurveUp0000.fbx using Guid(cdbbe36ed288475429f54f4cba69e068) Importer(815301076,1909f56bfc062723c751e8b465ee728b)  -> (artifact id: '15cb619b012125ce2707230733a17c16') in 0.035383 seconds 
========================================================================
Received Import Request.
  Time since last request: 0.000217 seconds.
  path: Assets/Models/Rails/RailDownStraight.fbx
  artifactKey: Guid(96f3eb2637b955c44ab0ac4f8219fb83) Importer(815301076,1909f56bfc062723c751e8b465ee728b)
Start importing Assets/Models/Rails/RailDownStraight.fbx using Guid(96f3eb2637b955c44ab0ac4f8219fb83) Importer(815301076,1909f56bfc062723c751e8b465ee728b)  -> (artifact id: '7a333664811eae155b1a559dbd698878') in 0.047733 seconds 
========================================================================
Received Import Request.
  Time since last request: 0.000153 seconds.
  path: Assets/Models/Rails/RailDiagonalStraightSlantCorrection0000.fbx
  artifactKey: Guid(653426aadd273dd408731fba8c3e8cfc) Importer(815301076,1909f56bfc062723c751e8b465ee728b)
Start importing Assets/Models/Rails/RailDiagonalStraightSlantCorrection0000.fbx using Guid(653426aadd273dd408731fba8c3e8cfc) Importer(815301076,1909f56bfc062723c751e8b465ee728b)  -> (artifact id: '957946402cf3c366ff7e57ca247b4a80') in 0.032265 seconds 
