Using pre-set license
Built from '2021.1/staging' branch; Version is '2021.1.7f1 (d91830b65d9b) revision 14227504'; Using compiler version '192528614'; Build Type 'Release'
OS: 'Windows 10 Home; OS build 19042.1110; Version 2009; 64bit' Language: 'en' Physical Memory: 16324 MB
BatchMode: 1, IsHumanControllingUs: 0, StartBugReporterOnCrash: 0, Is64bit: 1, IsPro: 0

 COMMAND LINE ARGUMENTS:
C:\Program Files\Unity\Hub\Editor\2021.1.7f1\Editor\Unity.exe
-adb2
-batchMode
-noUpm
-name
AssetImportWorker0
-projectPath
L:/BL-GitHub/MiniJam85Gold/MiniJamGold
-logFile
Logs/AssetImportWorker0.log
-srvPort
53848
Successfully changed project path to: L:/BL-GitHub/MiniJam85Gold/MiniJamGold
L:/BL-GitHub/MiniJam85Gold/MiniJamGold
Using Asset Import Pipeline V2.
Refreshing native plugins compatible for Editor in 72.08 ms, found 1 plugins.
Preloading 0 native plugins for Editor in 0.00 ms.
Initialize engine version: 2021.1.7f1 (d91830b65d9b)
[Subsystems] Discovering subsystems at path C:/Program Files/Unity/Hub/Editor/2021.1.7f1/Editor/Data/Resources/UnitySubsystems
[Subsystems] Discovering subsystems at path L:/BL-GitHub/MiniJam85Gold/MiniJamGold/Assets
GfxDevice: creating device client; threaded=0; jobified=0
Direct3D:
    Version:  Direct3D 11.0 [level 11.1]
    Renderer: NVIDIA GeForce GTX 1060 6GB (ID=0x1c03)
    Vendor:   NVIDIA
    VRAM:     6052 MB
    Driver:   30.0.14.7111
Initialize mono
Mono path[0] = 'C:/Program Files/Unity/Hub/Editor/2021.1.7f1/Editor/Data/Managed'
Mono path[1] = 'C:/Program Files/Unity/Hub/Editor/2021.1.7f1/Editor/Data/MonoBleedingEdge/lib/mono/unityjit'
Mono config path = 'C:/Program Files/Unity/Hub/Editor/2021.1.7f1/Editor/Data/MonoBleedingEdge/etc'
Using monoOptions --debugger-agent=transport=dt_socket,embedding=1,server=y,suspend=n,address=127.0.0.1:56212
Begin MonoManager ReloadAssembly
Registering precompiled unity dll's ...
Register platform support module: C:/Program Files/Unity/Hub/Editor/2021.1.7f1/Editor/Data/PlaybackEngines/WindowsStandaloneSupport/UnityEditor.WindowsStandalone.Extensions.dll
Registered in 0.001733 seconds.
Native extension for WindowsStandalone target not found
Refreshing native plugins compatible for Editor in 73.63 ms, found 1 plugins.
Preloading 0 native plugins for Editor in 0.00 ms.
Mono: successfully reloaded assembly
- Completed reload, in  1.139 seconds
Platform modules already initialized, skipping
Registering precompiled user dll's ...
Registered in 0.002453 seconds.
Begin MonoManager ReloadAssembly
Symbol file LoadedFromMemory doesn't match image L:\BL-GitHub\MiniJam85Gold\MiniJamGold\Library\PackageCache\com.unity.visualscripting@1.6.1\Editor\VisualScripting.Core\Dependencies\YamlDotNet\Unity.VisualScripting.YamlDotNet.dll
Symbol file LoadedFromMemory doesn't match image L:\BL-GitHub\MiniJam85Gold\MiniJamGold\Library\PackageCache\com.unity.visualscripting@1.6.1\Editor\VisualScripting.Core\Dependencies\DotNetZip\Unity.VisualScripting.IonicZip.dll
Native extension for WindowsStandalone target not found
Refreshing native plugins compatible for Editor in 0.51 ms, found 1 plugins.
Preloading 0 native plugins for Editor in 0.00 ms.
Mono: successfully reloaded assembly
- Completed reload, in  0.951 seconds
Platform modules already initialized, skipping
========================================================================
Worker process is ready to serve import requests
Launched and connected shader compiler UnityShaderCompiler.exe after 0.06 seconds
Refreshing native plugins compatible for Editor in 0.82 ms, found 1 plugins.
Preloading 0 native plugins for Editor in 0.00 ms.
Unloading 2666 Unused Serialized files (Serialized files now loaded: 0)
System memory in use before: 98.1 MB.
System memory in use after: 98.3 MB.

Unloading 14 unused Assets to reduce memory usage. Loaded Objects now: 3119.
Total: 3.134100 ms (FindLiveObjects: 0.428500 ms CreateObjectMapping: 0.163200 ms MarkObjects: 2.459800 ms  DeleteObjects: 0.081700 ms)

========================================================================
Received Import Request.
  path: Assets/Scenes
  artifactKey: Guid(933ed2e9eacd4d74682b9e6c7305f248) Importer(815301076,1909f56bfc062723c751e8b465ee728b)
Start importing Assets/Scenes using Guid(933ed2e9eacd4d74682b9e6c7305f248) Importer(815301076,1909f56bfc062723c751e8b465ee728b)  -> (artifact id: '90738e4e3fb0fce4dbd82f0fc7184cb3') in 0.015078 seconds 
========================================================================
Received Import Request.
  Time since last request: 1.600523 seconds.
  path: Assets/Scenes/MainMenu.unity
  artifactKey: Guid(15c9ccc157ee02145b1f306f720f5708) Importer(815301076,1909f56bfc062723c751e8b465ee728b)
Start importing Assets/Scenes/MainMenu.unity using Guid(15c9ccc157ee02145b1f306f720f5708) Importer(815301076,1909f56bfc062723c751e8b465ee728b)  -> (artifact id: '771f27403ece3ceb0bd7402a29da8411') in 0.019889 seconds 
========================================================================
Received Import Request.
  Time since last request: 1.935434 seconds.
  path: Assets/Scenes/SampleScene.unity
  artifactKey: Guid(9fc0d4010bbf28b4594072e72b8655ab) Importer(815301076,1909f56bfc062723c751e8b465ee728b)
Start importing Assets/Scenes/SampleScene.unity using Guid(9fc0d4010bbf28b4594072e72b8655ab) Importer(815301076,1909f56bfc062723c751e8b465ee728b)  -> (artifact id: '85059f4f9e1a832ed95adaa0d25c5c4c') in 0.014127 seconds 
========================================================================
Received Prepare
Registering precompiled user dll's ...
Registered in 0.001774 seconds.
Begin MonoManager ReloadAssembly
Symbol file LoadedFromMemory doesn't match image L:\BL-GitHub\MiniJam85Gold\MiniJamGold\Library\PackageCache\com.unity.visualscripting@1.6.1\Editor\VisualScripting.Core\Dependencies\YamlDotNet\Unity.VisualScripting.YamlDotNet.dll
Symbol file LoadedFromMemory doesn't match image L:\BL-GitHub\MiniJam85Gold\MiniJamGold\Library\PackageCache\com.unity.visualscripting@1.6.1\Editor\VisualScripting.Core\Dependencies\DotNetZip\Unity.VisualScripting.IonicZip.dll
Native extension for WindowsStandalone target not found
Refreshing native plugins compatible for Editor in 0.62 ms, found 1 plugins.
Preloading 0 native plugins for Editor in 0.00 ms.
Mono: successfully reloaded assembly
- Completed reload, in  0.979 seconds
Platform modules already initialized, skipping
Refreshing native plugins compatible for Editor in 0.52 ms, found 1 plugins.
Preloading 0 native plugins for Editor in 0.00 ms.
Unloading 2661 Unused Serialized files (Serialized files now loaded: 0)
System memory in use before: 98.1 MB.
System memory in use after: 98.3 MB.

Unloading 9 unused Assets to reduce memory usage. Loaded Objects now: 3122.
Total: 2.077100 ms (FindLiveObjects: 0.211100 ms CreateObjectMapping: 0.102100 ms MarkObjects: 1.711200 ms  DeleteObjects: 0.051500 ms)

========================================================================
Received Prepare
Registering precompiled user dll's ...
Registered in 0.002890 seconds.
Begin MonoManager ReloadAssembly
Symbol file LoadedFromMemory doesn't match image L:\BL-GitHub\MiniJam85Gold\MiniJamGold\Library\PackageCache\com.unity.visualscripting@1.6.1\Editor\VisualScripting.Core\Dependencies\YamlDotNet\Unity.VisualScripting.YamlDotNet.dll
Symbol file LoadedFromMemory doesn't match image L:\BL-GitHub\MiniJam85Gold\MiniJamGold\Library\PackageCache\com.unity.visualscripting@1.6.1\Editor\VisualScripting.Core\Dependencies\DotNetZip\Unity.VisualScripting.IonicZip.dll
Native extension for WindowsStandalone target not found
Refreshing native plugins compatible for Editor in 0.52 ms, found 1 plugins.
Preloading 0 native plugins for Editor in 0.00 ms.
Mono: successfully reloaded assembly
- Completed reload, in  1.075 seconds
Platform modules already initialized, skipping
Refreshing native plugins compatible for Editor in 0.60 ms, found 1 plugins.
Preloading 0 native plugins for Editor in 0.00 ms.
Unloading 2661 Unused Serialized files (Serialized files now loaded: 0)
System memory in use before: 98.1 MB.
System memory in use after: 98.3 MB.

Unloading 9 unused Assets to reduce memory usage. Loaded Objects now: 3125.
Total: 2.106300 ms (FindLiveObjects: 0.243900 ms CreateObjectMapping: 0.161200 ms MarkObjects: 1.622100 ms  DeleteObjects: 0.078300 ms)

========================================================================
Received Prepare
Registering precompiled user dll's ...
Registered in 0.001859 seconds.
Begin MonoManager ReloadAssembly
Symbol file LoadedFromMemory doesn't match image L:\BL-GitHub\MiniJam85Gold\MiniJamGold\Library\PackageCache\com.unity.visualscripting@1.6.1\Editor\VisualScripting.Core\Dependencies\YamlDotNet\Unity.VisualScripting.YamlDotNet.dll
Symbol file LoadedFromMemory doesn't match image L:\BL-GitHub\MiniJam85Gold\MiniJamGold\Library\PackageCache\com.unity.visualscripting@1.6.1\Editor\VisualScripting.Core\Dependencies\DotNetZip\Unity.VisualScripting.IonicZip.dll
Native extension for WindowsStandalone target not found
Refreshing native plugins compatible for Editor in 0.57 ms, found 1 plugins.
Preloading 0 native plugins for Editor in 0.00 ms.
Mono: successfully reloaded assembly
- Completed reload, in  0.847 seconds
Platform modules already initialized, skipping
Refreshing native plugins compatible for Editor in 0.55 ms, found 1 plugins.
Preloading 0 native plugins for Editor in 0.00 ms.
Unloading 2661 Unused Serialized files (Serialized files now loaded: 0)
System memory in use before: 98.2 MB.
System memory in use after: 98.4 MB.

Unloading 9 unused Assets to reduce memory usage. Loaded Objects now: 3128.
Total: 1.837900 ms (FindLiveObjects: 0.229000 ms CreateObjectMapping: 0.100500 ms MarkObjects: 1.439800 ms  DeleteObjects: 0.067800 ms)

========================================================================
Received Import Request.
  Time since last request: 413.457304 seconds.
  path: Assets
  artifactKey: Guid(00000000000000001000000000000000) Importer(815301076,1909f56bfc062723c751e8b465ee728b)
Start importing Assets using Guid(00000000000000001000000000000000) Importer(815301076,1909f56bfc062723c751e8b465ee728b)  -> (artifact id: '42d402b061de3733987d63b9cc3b64de') in 0.018511 seconds 
========================================================================
Received Import Request.
  Time since last request: 4.267691 seconds.
  path: Assets/Script
  artifactKey: Guid(23bf752b3c51f814eabf775b354802ad) Importer(815301076,1909f56bfc062723c751e8b465ee728b)
Start importing Assets/Script using Guid(23bf752b3c51f814eabf775b354802ad) Importer(815301076,1909f56bfc062723c751e8b465ee728b)  -> (artifact id: '25d3a115b041f82021066b9155f8cde0') in 0.011670 seconds 
========================================================================
Received Import Request.
  Time since last request: 12.148028 seconds.
  path: Assets/Script/MainMenu
  artifactKey: Guid(3565e4965a68a3046b66e22594276792) Importer(815301076,1909f56bfc062723c751e8b465ee728b)
Start importing Assets/Script/MainMenu using Guid(3565e4965a68a3046b66e22594276792) Importer(815301076,1909f56bfc062723c751e8b465ee728b)  -> (artifact id: 'd02acd1a9f52cb9ceda33c691aab7887') in 0.011537 seconds 
========================================================================
Received Import Request.
  Time since last request: 40.918501 seconds.
  path: Assets/Script/MainMenu/MainMenuManager.cs
  artifactKey: Guid(5e7d82cc4c5b99341bba4d1c536320b2) Importer(815301076,1909f56bfc062723c751e8b465ee728b)
Start importing Assets/Script/MainMenu/MainMenuManager.cs using Guid(5e7d82cc4c5b99341bba4d1c536320b2) Importer(815301076,1909f56bfc062723c751e8b465ee728b)  -> (artifact id: '17203c00271b7fd761b1c547bca80c50') in 0.046921 seconds 
========================================================================
Received Prepare
Registering precompiled user dll's ...
Registered in 0.002016 seconds.
Begin MonoManager ReloadAssembly
Symbol file LoadedFromMemory doesn't match image L:\BL-GitHub\MiniJam85Gold\MiniJamGold\Library\PackageCache\com.unity.visualscripting@1.6.1\Editor\VisualScripting.Core\Dependencies\YamlDotNet\Unity.VisualScripting.YamlDotNet.dll
Symbol file LoadedFromMemory doesn't match image L:\BL-GitHub\MiniJam85Gold\MiniJamGold\Library\PackageCache\com.unity.visualscripting@1.6.1\Editor\VisualScripting.Core\Dependencies\DotNetZip\Unity.VisualScripting.IonicZip.dll
Native extension for WindowsStandalone target not found
Refreshing native plugins compatible for Editor in 0.77 ms, found 1 plugins.
Preloading 0 native plugins for Editor in 0.00 ms.
Mono: successfully reloaded assembly
- Completed reload, in  0.936 seconds
Platform modules already initialized, skipping
Refreshing native plugins compatible for Editor in 0.55 ms, found 1 plugins.
Preloading 0 native plugins for Editor in 0.00 ms.
Unloading 2662 Unused Serialized files (Serialized files now loaded: 0)
System memory in use before: 98.2 MB.
System memory in use after: 98.4 MB.

Unloading 9 unused Assets to reduce memory usage. Loaded Objects now: 3132.
Total: 2.711800 ms (FindLiveObjects: 0.350500 ms CreateObjectMapping: 0.304100 ms MarkObjects: 1.998000 ms  DeleteObjects: 0.058300 ms)

========================================================================
Received Prepare
Registering precompiled user dll's ...
Registered in 0.002752 seconds.
Begin MonoManager ReloadAssembly
Symbol file LoadedFromMemory doesn't match image L:\BL-GitHub\MiniJam85Gold\MiniJamGold\Library\PackageCache\com.unity.visualscripting@1.6.1\Editor\VisualScripting.Core\Dependencies\YamlDotNet\Unity.VisualScripting.YamlDotNet.dll
Symbol file LoadedFromMemory doesn't match image L:\BL-GitHub\MiniJam85Gold\MiniJamGold\Library\PackageCache\com.unity.visualscripting@1.6.1\Editor\VisualScripting.Core\Dependencies\DotNetZip\Unity.VisualScripting.IonicZip.dll
Native extension for WindowsStandalone target not found
Refreshing native plugins compatible for Editor in 0.65 ms, found 1 plugins.
Preloading 0 native plugins for Editor in 0.00 ms.
Mono: successfully reloaded assembly
- Completed reload, in  0.936 seconds
Platform modules already initialized, skipping
Refreshing native plugins compatible for Editor in 0.52 ms, found 1 plugins.
Preloading 0 native plugins for Editor in 0.00 ms.
Unloading 2662 Unused Serialized files (Serialized files now loaded: 0)
System memory in use before: 98.2 MB.
System memory in use after: 98.4 MB.

Unloading 9 unused Assets to reduce memory usage. Loaded Objects now: 3135.
Total: 3.150500 ms (FindLiveObjects: 0.457100 ms CreateObjectMapping: 0.379700 ms MarkObjects: 2.238100 ms  DeleteObjects: 0.074500 ms)

========================================================================
Received Import Request.
  Time since last request: 61.098847 seconds.
  path: Assets/Script/MainMenu/MainMenuManager.cs
  artifactKey: Guid(5e7d82cc4c5b99341bba4d1c536320b2) Importer(815301076,1909f56bfc062723c751e8b465ee728b)
Start importing Assets/Script/MainMenu/MainMenuManager.cs using Guid(5e7d82cc4c5b99341bba4d1c536320b2) Importer(815301076,1909f56bfc062723c751e8b465ee728b)  -> (artifact id: 'd408338c59c26c69a0c67d53796e72f5') in 0.014355 seconds 
========================================================================
Received Prepare
Registering precompiled user dll's ...
Registered in 0.001802 seconds.
Begin MonoManager ReloadAssembly
Symbol file LoadedFromMemory doesn't match image L:\BL-GitHub\MiniJam85Gold\MiniJamGold\Library\PackageCache\com.unity.visualscripting@1.6.1\Editor\VisualScripting.Core\Dependencies\YamlDotNet\Unity.VisualScripting.YamlDotNet.dll
Symbol file LoadedFromMemory doesn't match image L:\BL-GitHub\MiniJam85Gold\MiniJamGold\Library\PackageCache\com.unity.visualscripting@1.6.1\Editor\VisualScripting.Core\Dependencies\DotNetZip\Unity.VisualScripting.IonicZip.dll
Native extension for WindowsStandalone target not found
Refreshing native plugins compatible for Editor in 0.77 ms, found 1 plugins.
Preloading 0 native plugins for Editor in 0.00 ms.
Mono: successfully reloaded assembly
- Completed reload, in  0.973 seconds
Platform modules already initialized, skipping
Refreshing native plugins compatible for Editor in 0.87 ms, found 1 plugins.
Preloading 0 native plugins for Editor in 0.00 ms.
Unloading 2662 Unused Serialized files (Serialized files now loaded: 0)
System memory in use before: 98.2 MB.
System memory in use after: 98.4 MB.

Unloading 9 unused Assets to reduce memory usage. Loaded Objects now: 3138.
Total: 2.480300 ms (FindLiveObjects: 0.327400 ms CreateObjectMapping: 0.114500 ms MarkObjects: 1.970700 ms  DeleteObjects: 0.066700 ms)

========================================================================
Received Import Request.
  Time since last request: 110.605622 seconds.
  path: Assets/Scenes/GameScene.unity
  artifactKey: Guid(4259800ac1bb8cd4594f72a7e6f0f440) Importer(815301076,1909f56bfc062723c751e8b465ee728b)
Start importing Assets/Scenes/GameScene.unity using Guid(4259800ac1bb8cd4594f72a7e6f0f440) Importer(815301076,1909f56bfc062723c751e8b465ee728b)  -> (artifact id: 'e2b54daec4ff68b8876a111c49e651f7') in 0.022016 seconds 
========================================================================
Received Import Request.
  Time since last request: 11.622178 seconds.
  path: Assets/Scenes/MainMenu.unity
  artifactKey: Guid(15c9ccc157ee02145b1f306f720f5708) Importer(815301076,1909f56bfc062723c751e8b465ee728b)
Start importing Assets/Scenes/MainMenu.unity using Guid(15c9ccc157ee02145b1f306f720f5708) Importer(815301076,1909f56bfc062723c751e8b465ee728b)  -> (artifact id: 'f3ddede325c90f92ef99dc8815c739b8') in 0.015006 seconds 
========================================================================
Received Prepare
Registering precompiled user dll's ...
Registered in 0.001998 seconds.
Begin MonoManager ReloadAssembly
Symbol file LoadedFromMemory doesn't match image L:\BL-GitHub\MiniJam85Gold\MiniJamGold\Library\PackageCache\com.unity.visualscripting@1.6.1\Editor\VisualScripting.Core\Dependencies\YamlDotNet\Unity.VisualScripting.YamlDotNet.dll
Symbol file LoadedFromMemory doesn't match image L:\BL-GitHub\MiniJam85Gold\MiniJamGold\Library\PackageCache\com.unity.visualscripting@1.6.1\Editor\VisualScripting.Core\Dependencies\DotNetZip\Unity.VisualScripting.IonicZip.dll
Native extension for WindowsStandalone target not found
Refreshing native plugins compatible for Editor in 0.58 ms, found 1 plugins.
Preloading 0 native plugins for Editor in 0.00 ms.
Mono: successfully reloaded assembly
- Completed reload, in  0.878 seconds
Platform modules already initialized, skipping
Refreshing native plugins compatible for Editor in 0.51 ms, found 1 plugins.
Preloading 0 native plugins for Editor in 0.00 ms.
Unloading 2662 Unused Serialized files (Serialized files now loaded: 0)
System memory in use before: 98.2 MB.
System memory in use after: 98.4 MB.

Unloading 9 unused Assets to reduce memory usage. Loaded Objects now: 3141.
Total: 1.928000 ms (FindLiveObjects: 0.207000 ms CreateObjectMapping: 0.115400 ms MarkObjects: 1.535700 ms  DeleteObjects: 0.068600 ms)

========================================================================
Received Import Request.
  Time since last request: 147.006430 seconds.
  path: Assets/Scenes/BenTestingRoom.unity
  artifactKey: Guid(abba3e58697f86746b49217c96b8ec4d) Importer(815301076,1909f56bfc062723c751e8b465ee728b)
Start importing Assets/Scenes/BenTestingRoom.unity using Guid(abba3e58697f86746b49217c96b8ec4d) Importer(815301076,1909f56bfc062723c751e8b465ee728b)  -> (artifact id: '8b4f2f9a38a10d6471a6f41d947a52de') in 0.025759 seconds 
========================================================================
Received Import Request.
  Time since last request: 48.774096 seconds.
  path: Assets/Script/GameScene
  artifactKey: Guid(8a3a6290782e3c64a86025fea5fb29d2) Importer(815301076,1909f56bfc062723c751e8b465ee728b)
Start importing Assets/Script/GameScene using Guid(8a3a6290782e3c64a86025fea5fb29d2) Importer(815301076,1909f56bfc062723c751e8b465ee728b)  -> (artifact id: '29ee573f28f84a85f85182818212b081') in 0.011847 seconds 
========================================================================
Received Import Request.
  Time since last request: 4.340678 seconds.
  path: Assets/Script/GameScene/Player
  artifactKey: Guid(318d8e6fa30cda84f839456e8b4e7ea4) Importer(815301076,1909f56bfc062723c751e8b465ee728b)
Start importing Assets/Script/GameScene/Player using Guid(318d8e6fa30cda84f839456e8b4e7ea4) Importer(815301076,1909f56bfc062723c751e8b465ee728b)  -> (artifact id: '45d4c3e4611f578c1b46b9000ee74dbe') in 0.011808 seconds 
========================================================================
Received Import Request.
  Time since last request: 8.492038 seconds.
  path: Assets/Script/GameScene/Player/PlayerController.cs
  artifactKey: Guid(4e676fbe6bfda424aa3c90daabbf26ee) Importer(815301076,1909f56bfc062723c751e8b465ee728b)
Start importing Assets/Script/GameScene/Player/PlayerController.cs using Guid(4e676fbe6bfda424aa3c90daabbf26ee) Importer(815301076,1909f56bfc062723c751e8b465ee728b)  -> (artifact id: '0a271e2f6da1d316e1a40880d99a8981') in 0.015724 seconds 
========================================================================
Received Prepare
Registering precompiled user dll's ...
Registered in 0.001891 seconds.
Begin MonoManager ReloadAssembly
Symbol file LoadedFromMemory doesn't match image L:\BL-GitHub\MiniJam85Gold\MiniJamGold\Library\PackageCache\com.unity.visualscripting@1.6.1\Editor\VisualScripting.Core\Dependencies\YamlDotNet\Unity.VisualScripting.YamlDotNet.dll
Symbol file LoadedFromMemory doesn't match image L:\BL-GitHub\MiniJam85Gold\MiniJamGold\Library\PackageCache\com.unity.visualscripting@1.6.1\Editor\VisualScripting.Core\Dependencies\DotNetZip\Unity.VisualScripting.IonicZip.dll
Native extension for WindowsStandalone target not found
Refreshing native plugins compatible for Editor in 0.52 ms, found 1 plugins.
Preloading 0 native plugins for Editor in 0.00 ms.
Mono: successfully reloaded assembly
- Completed reload, in  1.015 seconds
Platform modules already initialized, skipping
Refreshing native plugins compatible for Editor in 0.60 ms, found 1 plugins.
Preloading 0 native plugins for Editor in 0.00 ms.
Unloading 2663 Unused Serialized files (Serialized files now loaded: 0)
System memory in use before: 98.3 MB.
System memory in use after: 98.5 MB.

Unloading 9 unused Assets to reduce memory usage. Loaded Objects now: 3145.
Total: 2.503900 ms (FindLiveObjects: 0.264000 ms CreateObjectMapping: 0.116000 ms MarkObjects: 2.054100 ms  DeleteObjects: 0.068900 ms)

========================================================================
Received Prepare
Registering precompiled user dll's ...
Registered in 0.002184 seconds.
Begin MonoManager ReloadAssembly
Symbol file LoadedFromMemory doesn't match image L:\BL-GitHub\MiniJam85Gold\MiniJamGold\Library\PackageCache\com.unity.visualscripting@1.6.1\Editor\VisualScripting.Core\Dependencies\YamlDotNet\Unity.VisualScripting.YamlDotNet.dll
Symbol file LoadedFromMemory doesn't match image L:\BL-GitHub\MiniJam85Gold\MiniJamGold\Library\PackageCache\com.unity.visualscripting@1.6.1\Editor\VisualScripting.Core\Dependencies\DotNetZip\Unity.VisualScripting.IonicZip.dll
Native extension for WindowsStandalone target not found
Refreshing native plugins compatible for Editor in 0.51 ms, found 1 plugins.
Preloading 0 native plugins for Editor in 0.00 ms.
Mono: successfully reloaded assembly
- Completed reload, in  0.916 seconds
Platform modules already initialized, skipping
Refreshing native plugins compatible for Editor in 0.54 ms, found 1 plugins.
Preloading 0 native plugins for Editor in 0.00 ms.
Unloading 2663 Unused Serialized files (Serialized files now loaded: 0)
System memory in use before: 98.3 MB.
System memory in use after: 98.5 MB.

Unloading 9 unused Assets to reduce memory usage. Loaded Objects now: 3148.
Total: 2.102000 ms (FindLiveObjects: 0.208200 ms CreateObjectMapping: 0.128400 ms MarkObjects: 1.678200 ms  DeleteObjects: 0.086000 ms)

========================================================================
Received Prepare
Registering precompiled user dll's ...
Registered in 0.001887 seconds.
Begin MonoManager ReloadAssembly
Symbol file LoadedFromMemory doesn't match image L:\BL-GitHub\MiniJam85Gold\MiniJamGold\Library\PackageCache\com.unity.visualscripting@1.6.1\Editor\VisualScripting.Core\Dependencies\YamlDotNet\Unity.VisualScripting.YamlDotNet.dll
Symbol file LoadedFromMemory doesn't match image L:\BL-GitHub\MiniJam85Gold\MiniJamGold\Library\PackageCache\com.unity.visualscripting@1.6.1\Editor\VisualScripting.Core\Dependencies\DotNetZip\Unity.VisualScripting.IonicZip.dll
Native extension for WindowsStandalone target not found
Refreshing native plugins compatible for Editor in 0.55 ms, found 1 plugins.
Preloading 0 native plugins for Editor in 0.00 ms.
Mono: successfully reloaded assembly
- Completed reload, in  0.900 seconds
Platform modules already initialized, skipping
Refreshing native plugins compatible for Editor in 0.72 ms, found 1 plugins.
Preloading 0 native plugins for Editor in 0.00 ms.
Unloading 2663 Unused Serialized files (Serialized files now loaded: 0)
System memory in use before: 98.3 MB.
System memory in use after: 98.5 MB.

Unloading 9 unused Assets to reduce memory usage. Loaded Objects now: 3151.
Total: 3.402200 ms (FindLiveObjects: 0.596600 ms CreateObjectMapping: 0.348000 ms MarkObjects: 2.395600 ms  DeleteObjects: 0.059500 ms)

========================================================================
Received Import Request.
  Time since last request: 217.361283 seconds.
  path: Assets/Script/GameScene/Player/PlayerController.cs
  artifactKey: Guid(4e676fbe6bfda424aa3c90daabbf26ee) Importer(815301076,1909f56bfc062723c751e8b465ee728b)
Start importing Assets/Script/GameScene/Player/PlayerController.cs using Guid(4e676fbe6bfda424aa3c90daabbf26ee) Importer(815301076,1909f56bfc062723c751e8b465ee728b)  -> (artifact id: 'fcac4b39a7a654c9fa9439628b0d6c45') in 0.013817 seconds 
========================================================================
Received Prepare
Registering precompiled user dll's ...
Registered in 0.002735 seconds.
Begin MonoManager ReloadAssembly
Symbol file LoadedFromMemory doesn't match image L:\BL-GitHub\MiniJam85Gold\MiniJamGold\Library\PackageCache\com.unity.visualscripting@1.6.1\Editor\VisualScripting.Core\Dependencies\YamlDotNet\Unity.VisualScripting.YamlDotNet.dll
Symbol file LoadedFromMemory doesn't match image L:\BL-GitHub\MiniJam85Gold\MiniJamGold\Library\PackageCache\com.unity.visualscripting@1.6.1\Editor\VisualScripting.Core\Dependencies\DotNetZip\Unity.VisualScripting.IonicZip.dll
Native extension for WindowsStandalone target not found
Refreshing native plugins compatible for Editor in 0.53 ms, found 1 plugins.
Preloading 0 native plugins for Editor in 0.00 ms.
Mono: successfully reloaded assembly
- Completed reload, in  0.915 seconds
Platform modules already initialized, skipping
Refreshing native plugins compatible for Editor in 0.58 ms, found 1 plugins.
Preloading 0 native plugins for Editor in 0.00 ms.
Unloading 2663 Unused Serialized files (Serialized files now loaded: 0)
System memory in use before: 98.3 MB.
System memory in use after: 98.5 MB.

Unloading 9 unused Assets to reduce memory usage. Loaded Objects now: 3154.
Total: 2.258200 ms (FindLiveObjects: 0.231700 ms CreateObjectMapping: 0.108000 ms MarkObjects: 1.855300 ms  DeleteObjects: 0.061800 ms)

========================================================================
Received Import Request.
  Time since last request: 601.582402 seconds.
  path: Assets/Script/GameScene/Player/PlayerController.cs
  artifactKey: Guid(4e676fbe6bfda424aa3c90daabbf26ee) Importer(815301076,1909f56bfc062723c751e8b465ee728b)
Start importing Assets/Script/GameScene/Player/PlayerController.cs using Guid(4e676fbe6bfda424aa3c90daabbf26ee) Importer(815301076,1909f56bfc062723c751e8b465ee728b)  -> (artifact id: '0f25feca9a00ee67b0b04a4d2e474eaa') in 0.013962 seconds 
========================================================================
Received Import Request.
  Time since last request: 18.409276 seconds.
  path: Assets/Material
  artifactKey: Guid(cb03f468551c3a949a31e73d42e1627b) Importer(815301076,1909f56bfc062723c751e8b465ee728b)
Start importing Assets/Material using Guid(cb03f468551c3a949a31e73d42e1627b) Importer(815301076,1909f56bfc062723c751e8b465ee728b)  -> (artifact id: '812b9f18aedceed3834e46cd76261cd2') in 0.012472 seconds 
========================================================================
Received Import Request.
  Time since last request: 4.081868 seconds.
  path: Assets/Material/New Material.mat
  artifactKey: Guid(df766537d18a48c428dc8b6693e4d55c) Importer(815301076,1909f56bfc062723c751e8b465ee728b)
Start importing Assets/Material/New Material.mat using Guid(df766537d18a48c428dc8b6693e4d55c) Importer(815301076,1909f56bfc062723c751e8b465ee728b)  -> (artifact id: '0fe9b160ff99bd4304402819d7527754') in 0.141527 seconds 
========================================================================
Received Import Request.
  Time since last request: 2.248935 seconds.
  path: Assets/Material/Red.mat
  artifactKey: Guid(df766537d18a48c428dc8b6693e4d55c) Importer(815301076,1909f56bfc062723c751e8b465ee728b)
Start importing Assets/Material/Red.mat using Guid(df766537d18a48c428dc8b6693e4d55c) Importer(815301076,1909f56bfc062723c751e8b465ee728b)  -> (artifact id: '96976772005ca5139f73ea21659c9b3d') in 0.021824 seconds 
========================================================================
Received Import Request.
  Time since last request: 6.360419 seconds.
  path: Assets/Material/Red.mat
  artifactKey: Guid(df766537d18a48c428dc8b6693e4d55c) Importer(815301076,1909f56bfc062723c751e8b465ee728b)
Start importing Assets/Material/Red.mat using Guid(df766537d18a48c428dc8b6693e4d55c) Importer(815301076,1909f56bfc062723c751e8b465ee728b)  -> (artifact id: 'e01aa0b1bbaffa12a9202df0243f2360') in 0.024856 seconds 
========================================================================
Received Prepare
Registering precompiled user dll's ...
Registered in 0.001845 seconds.
Begin MonoManager ReloadAssembly
Symbol file LoadedFromMemory doesn't match image L:\BL-GitHub\MiniJam85Gold\MiniJamGold\Library\PackageCache\com.unity.visualscripting@1.6.1\Editor\VisualScripting.Core\Dependencies\YamlDotNet\Unity.VisualScripting.YamlDotNet.dll
Symbol file LoadedFromMemory doesn't match image L:\BL-GitHub\MiniJam85Gold\MiniJamGold\Library\PackageCache\com.unity.visualscripting@1.6.1\Editor\VisualScripting.Core\Dependencies\DotNetZip\Unity.VisualScripting.IonicZip.dll
Native extension for WindowsStandalone target not found
Refreshing native plugins compatible for Editor in 0.55 ms, found 1 plugins.
Preloading 0 native plugins for Editor in 0.00 ms.
Mono: successfully reloaded assembly
- Completed reload, in  0.928 seconds
Platform modules already initialized, skipping
Refreshing native plugins compatible for Editor in 0.57 ms, found 1 plugins.
Preloading 0 native plugins for Editor in 0.00 ms.
Unloading 2663 Unused Serialized files (Serialized files now loaded: 0)
System memory in use before: 102.2 MB.
System memory in use after: 102.4 MB.

Unloading 9 unused Assets to reduce memory usage. Loaded Objects now: 3197.
Total: 2.543600 ms (FindLiveObjects: 0.387300 ms CreateObjectMapping: 0.231200 ms MarkObjects: 1.870800 ms  DeleteObjects: 0.053200 ms)

========================================================================
Received Import Request.
  Time since last request: 21.005423 seconds.
  path: ProjectSettings/TagManager.asset
  artifactKey: Guid(00000000000000003000000000000000) Importer(815301076,1909f56bfc062723c751e8b465ee728b)
Start importing ProjectSettings/TagManager.asset using Guid(00000000000000003000000000000000) Importer(815301076,1909f56bfc062723c751e8b465ee728b)  -> (artifact id: 'ce6a35c3cddc746e7501c0bd0ed6d4ce') in 0.026785 seconds 
========================================================================
Received Import Request.
  Time since last request: 2.654909 seconds.
  path: ProjectSettings/TagManager.asset
  artifactKey: Guid(00000000000000003000000000000000) Importer(815301076,1909f56bfc062723c751e8b465ee728b)
Start importing ProjectSettings/TagManager.asset using Guid(00000000000000003000000000000000) Importer(815301076,1909f56bfc062723c751e8b465ee728b)  -> (artifact id: 'c90964220377cb3e1b3c76bda1ef9314') in 0.008200 seconds 
========================================================================
Received Prepare
Registering precompiled user dll's ...
Registered in 0.001863 seconds.
Begin MonoManager ReloadAssembly
Symbol file LoadedFromMemory doesn't match image L:\BL-GitHub\MiniJam85Gold\MiniJamGold\Library\PackageCache\com.unity.visualscripting@1.6.1\Editor\VisualScripting.Core\Dependencies\YamlDotNet\Unity.VisualScripting.YamlDotNet.dll
Symbol file LoadedFromMemory doesn't match image L:\BL-GitHub\MiniJam85Gold\MiniJamGold\Library\PackageCache\com.unity.visualscripting@1.6.1\Editor\VisualScripting.Core\Dependencies\DotNetZip\Unity.VisualScripting.IonicZip.dll
Native extension for WindowsStandalone target not found
Refreshing native plugins compatible for Editor in 0.51 ms, found 1 plugins.
Preloading 0 native plugins for Editor in 0.00 ms.
Mono: successfully reloaded assembly
- Completed reload, in  0.996 seconds
Platform modules already initialized, skipping
Refreshing native plugins compatible for Editor in 0.81 ms, found 1 plugins.
Preloading 0 native plugins for Editor in 0.00 ms.
Unloading 2663 Unused Serialized files (Serialized files now loaded: 0)
System memory in use before: 102.2 MB.
System memory in use after: 102.4 MB.

Unloading 11 unused Assets to reduce memory usage. Loaded Objects now: 3200.
Total: 2.088500 ms (FindLiveObjects: 0.229700 ms CreateObjectMapping: 0.144900 ms MarkObjects: 1.642000 ms  DeleteObjects: 0.070600 ms)

========================================================================
Received Prepare
Registering precompiled user dll's ...
Registered in 0.002184 seconds.
Begin MonoManager ReloadAssembly
Symbol file LoadedFromMemory doesn't match image L:\BL-GitHub\MiniJam85Gold\MiniJamGold\Library\PackageCache\com.unity.visualscripting@1.6.1\Editor\VisualScripting.Core\Dependencies\YamlDotNet\Unity.VisualScripting.YamlDotNet.dll
Symbol file LoadedFromMemory doesn't match image L:\BL-GitHub\MiniJam85Gold\MiniJamGold\Library\PackageCache\com.unity.visualscripting@1.6.1\Editor\VisualScripting.Core\Dependencies\DotNetZip\Unity.VisualScripting.IonicZip.dll
Native extension for WindowsStandalone target not found
Refreshing native plugins compatible for Editor in 0.78 ms, found 1 plugins.
Preloading 0 native plugins for Editor in 0.00 ms.
Mono: successfully reloaded assembly
- Completed reload, in  0.942 seconds
Platform modules already initialized, skipping
Refreshing native plugins compatible for Editor in 0.62 ms, found 1 plugins.
Preloading 0 native plugins for Editor in 0.00 ms.
Unloading 2663 Unused Serialized files (Serialized files now loaded: 0)
System memory in use before: 102.2 MB.
System memory in use after: 102.4 MB.

Unloading 9 unused Assets to reduce memory usage. Loaded Objects now: 3203.
Total: 2.702100 ms (FindLiveObjects: 0.297900 ms CreateObjectMapping: 0.222700 ms MarkObjects: 2.129000 ms  DeleteObjects: 0.051800 ms)

========================================================================
Received Prepare
Registering precompiled user dll's ...
Registered in 0.001989 seconds.
Begin MonoManager ReloadAssembly
Symbol file LoadedFromMemory doesn't match image L:\BL-GitHub\MiniJam85Gold\MiniJamGold\Library\PackageCache\com.unity.visualscripting@1.6.1\Editor\VisualScripting.Core\Dependencies\YamlDotNet\Unity.VisualScripting.YamlDotNet.dll
Symbol file LoadedFromMemory doesn't match image L:\BL-GitHub\MiniJam85Gold\MiniJamGold\Library\PackageCache\com.unity.visualscripting@1.6.1\Editor\VisualScripting.Core\Dependencies\DotNetZip\Unity.VisualScripting.IonicZip.dll
Native extension for WindowsStandalone target not found
Refreshing native plugins compatible for Editor in 0.53 ms, found 1 plugins.
Preloading 0 native plugins for Editor in 0.00 ms.
Mono: successfully reloaded assembly
- Completed reload, in  0.933 seconds
Platform modules already initialized, skipping
Refreshing native plugins compatible for Editor in 1.02 ms, found 1 plugins.
Preloading 0 native plugins for Editor in 0.00 ms.
Unloading 2663 Unused Serialized files (Serialized files now loaded: 0)
System memory in use before: 102.2 MB.
System memory in use after: 102.4 MB.

Unloading 9 unused Assets to reduce memory usage. Loaded Objects now: 3206.
Total: 2.658800 ms (FindLiveObjects: 0.326200 ms CreateObjectMapping: 0.236700 ms MarkObjects: 2.040300 ms  DeleteObjects: 0.054400 ms)

========================================================================
Received Prepare
Registering precompiled user dll's ...
Registered in 0.003521 seconds.
Begin MonoManager ReloadAssembly
Symbol file LoadedFromMemory doesn't match image L:\BL-GitHub\MiniJam85Gold\MiniJamGold\Library\PackageCache\com.unity.visualscripting@1.6.1\Editor\VisualScripting.Core\Dependencies\YamlDotNet\Unity.VisualScripting.YamlDotNet.dll
Symbol file LoadedFromMemory doesn't match image L:\BL-GitHub\MiniJam85Gold\MiniJamGold\Library\PackageCache\com.unity.visualscripting@1.6.1\Editor\VisualScripting.Core\Dependencies\DotNetZip\Unity.VisualScripting.IonicZip.dll
Native extension for WindowsStandalone target not found
Refreshing native plugins compatible for Editor in 0.57 ms, found 1 plugins.
Preloading 0 native plugins for Editor in 0.00 ms.
Mono: successfully reloaded assembly
- Completed reload, in  0.876 seconds
Platform modules already initialized, skipping
Refreshing native plugins compatible for Editor in 0.58 ms, found 1 plugins.
Preloading 0 native plugins for Editor in 0.00 ms.
Unloading 2663 Unused Serialized files (Serialized files now loaded: 0)
System memory in use before: 102.2 MB.
System memory in use after: 102.4 MB.

Unloading 9 unused Assets to reduce memory usage. Loaded Objects now: 3209.
Total: 2.161100 ms (FindLiveObjects: 0.292900 ms CreateObjectMapping: 0.106200 ms MarkObjects: 1.714700 ms  DeleteObjects: 0.046400 ms)

========================================================================
Received Prepare
Registering precompiled user dll's ...
Registered in 0.002891 seconds.
Begin MonoManager ReloadAssembly
Symbol file LoadedFromMemory doesn't match image L:\BL-GitHub\MiniJam85Gold\MiniJamGold\Library\PackageCache\com.unity.visualscripting@1.6.1\Editor\VisualScripting.Core\Dependencies\YamlDotNet\Unity.VisualScripting.YamlDotNet.dll
Symbol file LoadedFromMemory doesn't match image L:\BL-GitHub\MiniJam85Gold\MiniJamGold\Library\PackageCache\com.unity.visualscripting@1.6.1\Editor\VisualScripting.Core\Dependencies\DotNetZip\Unity.VisualScripting.IonicZip.dll
Native extension for WindowsStandalone target not found
Refreshing native plugins compatible for Editor in 0.53 ms, found 1 plugins.
Preloading 0 native plugins for Editor in 0.00 ms.
Mono: successfully reloaded assembly
- Completed reload, in  0.876 seconds
Platform modules already initialized, skipping
Refreshing native plugins compatible for Editor in 0.53 ms, found 1 plugins.
Preloading 0 native plugins for Editor in 0.00 ms.
Unloading 2663 Unused Serialized files (Serialized files now loaded: 0)
System memory in use before: 102.2 MB.
System memory in use after: 102.4 MB.

Unloading 9 unused Assets to reduce memory usage. Loaded Objects now: 3212.
Total: 2.342700 ms (FindLiveObjects: 0.304700 ms CreateObjectMapping: 0.102400 ms MarkObjects: 1.849500 ms  DeleteObjects: 0.085200 ms)

========================================================================
Received Prepare
Registering precompiled user dll's ...
Registered in 0.002015 seconds.
Begin MonoManager ReloadAssembly
Symbol file LoadedFromMemory doesn't match image L:\BL-GitHub\MiniJam85Gold\MiniJamGold\Library\PackageCache\com.unity.visualscripting@1.6.1\Editor\VisualScripting.Core\Dependencies\YamlDotNet\Unity.VisualScripting.YamlDotNet.dll
Symbol file LoadedFromMemory doesn't match image L:\BL-GitHub\MiniJam85Gold\MiniJamGold\Library\PackageCache\com.unity.visualscripting@1.6.1\Editor\VisualScripting.Core\Dependencies\DotNetZip\Unity.VisualScripting.IonicZip.dll
Native extension for WindowsStandalone target not found
Refreshing native plugins compatible for Editor in 0.51 ms, found 1 plugins.
Preloading 0 native plugins for Editor in 0.00 ms.
Mono: successfully reloaded assembly
- Completed reload, in  0.913 seconds
Platform modules already initialized, skipping
Refreshing native plugins compatible for Editor in 0.54 ms, found 1 plugins.
Preloading 0 native plugins for Editor in 0.00 ms.
Unloading 2663 Unused Serialized files (Serialized files now loaded: 0)
System memory in use before: 102.2 MB.
System memory in use after: 102.4 MB.

Unloading 9 unused Assets to reduce memory usage. Loaded Objects now: 3215.
Total: 2.513200 ms (FindLiveObjects: 0.287400 ms CreateObjectMapping: 0.126400 ms MarkObjects: 2.015600 ms  DeleteObjects: 0.082400 ms)

========================================================================
Received Prepare
Registering precompiled user dll's ...
Registered in 0.002152 seconds.
Begin MonoManager ReloadAssembly
Symbol file LoadedFromMemory doesn't match image L:\BL-GitHub\MiniJam85Gold\MiniJamGold\Library\PackageCache\com.unity.visualscripting@1.6.1\Editor\VisualScripting.Core\Dependencies\YamlDotNet\Unity.VisualScripting.YamlDotNet.dll
Symbol file LoadedFromMemory doesn't match image L:\BL-GitHub\MiniJam85Gold\MiniJamGold\Library\PackageCache\com.unity.visualscripting@1.6.1\Editor\VisualScripting.Core\Dependencies\DotNetZip\Unity.VisualScripting.IonicZip.dll
Native extension for WindowsStandalone target not found
Refreshing native plugins compatible for Editor in 0.62 ms, found 1 plugins.
Preloading 0 native plugins for Editor in 0.00 ms.
Mono: successfully reloaded assembly
- Completed reload, in  0.865 seconds
Platform modules already initialized, skipping
Refreshing native plugins compatible for Editor in 0.51 ms, found 1 plugins.
Preloading 0 native plugins for Editor in 0.00 ms.
Unloading 2663 Unused Serialized files (Serialized files now loaded: 0)
System memory in use before: 102.2 MB.
System memory in use after: 102.4 MB.

Unloading 9 unused Assets to reduce memory usage. Loaded Objects now: 3218.
Total: 2.494000 ms (FindLiveObjects: 0.297200 ms CreateObjectMapping: 0.379300 ms MarkObjects: 1.770300 ms  DeleteObjects: 0.046400 ms)

========================================================================
Received Prepare
Registering precompiled user dll's ...
Registered in 0.040298 seconds.
Begin MonoManager ReloadAssembly
Symbol file LoadedFromMemory doesn't match image L:\BL-GitHub\MiniJam85Gold\MiniJamGold\Library\PackageCache\com.unity.visualscripting@1.6.1\Editor\VisualScripting.Core\Dependencies\YamlDotNet\Unity.VisualScripting.YamlDotNet.dll
Symbol file LoadedFromMemory doesn't match image L:\BL-GitHub\MiniJam85Gold\MiniJamGold\Library\PackageCache\com.unity.visualscripting@1.6.1\Editor\VisualScripting.Core\Dependencies\DotNetZip\Unity.VisualScripting.IonicZip.dll
Native extension for WindowsStandalone target not found
Refreshing native plugins compatible for Editor in 0.72 ms, found 1 plugins.
Preloading 0 native plugins for Editor in 0.00 ms.
Mono: successfully reloaded assembly
- Completed reload, in  0.967 seconds
Platform modules already initialized, skipping
Refreshing native plugins compatible for Editor in 0.56 ms, found 1 plugins.
Preloading 0 native plugins for Editor in 0.00 ms.
Unloading 2663 Unused Serialized files (Serialized files now loaded: 0)
System memory in use before: 102.2 MB.
System memory in use after: 102.4 MB.

Unloading 9 unused Assets to reduce memory usage. Loaded Objects now: 3221.
Total: 3.870100 ms (FindLiveObjects: 0.467900 ms CreateObjectMapping: 0.323000 ms MarkObjects: 3.023600 ms  DeleteObjects: 0.054400 ms)

========================================================================
Received Prepare
Registering precompiled user dll's ...
Registered in 0.001894 seconds.
Begin MonoManager ReloadAssembly
Symbol file LoadedFromMemory doesn't match image L:\BL-GitHub\MiniJam85Gold\MiniJamGold\Library\PackageCache\com.unity.visualscripting@1.6.1\Editor\VisualScripting.Core\Dependencies\YamlDotNet\Unity.VisualScripting.YamlDotNet.dll
Symbol file LoadedFromMemory doesn't match image L:\BL-GitHub\MiniJam85Gold\MiniJamGold\Library\PackageCache\com.unity.visualscripting@1.6.1\Editor\VisualScripting.Core\Dependencies\DotNetZip\Unity.VisualScripting.IonicZip.dll
Native extension for WindowsStandalone target not found
Refreshing native plugins compatible for Editor in 0.68 ms, found 1 plugins.
Preloading 0 native plugins for Editor in 0.00 ms.
Mono: successfully reloaded assembly
- Completed reload, in  1.056 seconds
Platform modules already initialized, skipping
Refreshing native plugins compatible for Editor in 0.71 ms, found 1 plugins.
Preloading 0 native plugins for Editor in 0.00 ms.
Unloading 2663 Unused Serialized files (Serialized files now loaded: 0)
System memory in use before: 102.2 MB.
System memory in use after: 102.4 MB.

Unloading 9 unused Assets to reduce memory usage. Loaded Objects now: 3224.
Total: 2.714900 ms (FindLiveObjects: 0.276800 ms CreateObjectMapping: 0.146800 ms MarkObjects: 2.226500 ms  DeleteObjects: 0.063500 ms)

========================================================================
Received Prepare
Registering precompiled user dll's ...
Registered in 0.003031 seconds.
Begin MonoManager ReloadAssembly
Symbol file LoadedFromMemory doesn't match image L:\BL-GitHub\MiniJam85Gold\MiniJamGold\Library\PackageCache\com.unity.visualscripting@1.6.1\Editor\VisualScripting.Core\Dependencies\YamlDotNet\Unity.VisualScripting.YamlDotNet.dll
Symbol file LoadedFromMemory doesn't match image L:\BL-GitHub\MiniJam85Gold\MiniJamGold\Library\PackageCache\com.unity.visualscripting@1.6.1\Editor\VisualScripting.Core\Dependencies\DotNetZip\Unity.VisualScripting.IonicZip.dll
Native extension for WindowsStandalone target not found
Refreshing native plugins compatible for Editor in 0.95 ms, found 1 plugins.
Preloading 0 native plugins for Editor in 0.00 ms.
Mono: successfully reloaded assembly
- Completed reload, in  1.094 seconds
Platform modules already initialized, skipping
Refreshing native plugins compatible for Editor in 0.63 ms, found 1 plugins.
Preloading 0 native plugins for Editor in 0.00 ms.
Unloading 2663 Unused Serialized files (Serialized files now loaded: 0)
System memory in use before: 102.2 MB.
System memory in use after: 102.4 MB.

Unloading 9 unused Assets to reduce memory usage. Loaded Objects now: 3227.
Total: 3.096600 ms (FindLiveObjects: 0.268900 ms CreateObjectMapping: 0.110600 ms MarkObjects: 2.660000 ms  DeleteObjects: 0.055700 ms)

========================================================================
Received Prepare
Registering precompiled user dll's ...
Registered in 0.001941 seconds.
Begin MonoManager ReloadAssembly
Symbol file LoadedFromMemory doesn't match image L:\BL-GitHub\MiniJam85Gold\MiniJamGold\Library\PackageCache\com.unity.visualscripting@1.6.1\Editor\VisualScripting.Core\Dependencies\YamlDotNet\Unity.VisualScripting.YamlDotNet.dll
Symbol file LoadedFromMemory doesn't match image L:\BL-GitHub\MiniJam85Gold\MiniJamGold\Library\PackageCache\com.unity.visualscripting@1.6.1\Editor\VisualScripting.Core\Dependencies\DotNetZip\Unity.VisualScripting.IonicZip.dll
Native extension for WindowsStandalone target not found
Refreshing native plugins compatible for Editor in 0.52 ms, found 1 plugins.
Preloading 0 native plugins for Editor in 0.00 ms.
Mono: successfully reloaded assembly
- Completed reload, in  0.883 seconds
Platform modules already initialized, skipping
Refreshing native plugins compatible for Editor in 0.51 ms, found 1 plugins.
Preloading 0 native plugins for Editor in 0.00 ms.
Unloading 2663 Unused Serialized files (Serialized files now loaded: 0)
System memory in use before: 102.3 MB.
System memory in use after: 102.4 MB.

Unloading 9 unused Assets to reduce memory usage. Loaded Objects now: 3230.
Total: 2.411100 ms (FindLiveObjects: 0.209300 ms CreateObjectMapping: 0.103700 ms MarkObjects: 2.046300 ms  DeleteObjects: 0.050600 ms)

========================================================================
Received Prepare
Registering precompiled user dll's ...
Registered in 0.001850 seconds.
Begin MonoManager ReloadAssembly
Symbol file LoadedFromMemory doesn't match image L:\BL-GitHub\MiniJam85Gold\MiniJamGold\Library\PackageCache\com.unity.visualscripting@1.6.1\Editor\VisualScripting.Core\Dependencies\YamlDotNet\Unity.VisualScripting.YamlDotNet.dll
Symbol file LoadedFromMemory doesn't match image L:\BL-GitHub\MiniJam85Gold\MiniJamGold\Library\PackageCache\com.unity.visualscripting@1.6.1\Editor\VisualScripting.Core\Dependencies\DotNetZip\Unity.VisualScripting.IonicZip.dll
Native extension for WindowsStandalone target not found
Refreshing native plugins compatible for Editor in 0.56 ms, found 1 plugins.
Preloading 0 native plugins for Editor in 0.00 ms.
Mono: successfully reloaded assembly
- Completed reload, in  0.856 seconds
Platform modules already initialized, skipping
Refreshing native plugins compatible for Editor in 0.55 ms, found 1 plugins.
Preloading 0 native plugins for Editor in 0.00 ms.
Unloading 2663 Unused Serialized files (Serialized files now loaded: 0)
System memory in use before: 102.3 MB.
System memory in use after: 102.5 MB.

Unloading 9 unused Assets to reduce memory usage. Loaded Objects now: 3233.
Total: 2.380100 ms (FindLiveObjects: 0.352900 ms CreateObjectMapping: 0.132800 ms MarkObjects: 1.817800 ms  DeleteObjects: 0.076000 ms)

AssetImportWorkerClient::OnTransportError - code=2 error=End of file
